{"/home/travis/build/npmtest/node-npmtest-mysql-activerecord/test.js":{"path":"/home/travis/build/npmtest/node-npmtest-mysql-activerecord/test.js","s":{"1":2,"2":2,"3":2,"4":2,"5":2,"6":2,"7":2,"8":1,"9":2,"10":2,"11":1,"12":1,"13":1,"14":1,"15":2,"16":2,"17":2,"18":2,"19":1,"20":1,"21":2,"22":2,"23":2,"24":1,"25":1,"26":1,"27":1,"28":1,"29":1,"30":1,"31":1,"32":1,"33":1,"34":1,"35":1,"36":1,"37":1,"38":1,"39":2,"40":2,"41":1,"42":2,"43":2,"44":1,"45":2,"46":2,"47":1,"48":2,"49":2,"50":1,"51":1,"52":1,"53":1,"54":1},"b":{"1":[2,1,1,1],"2":[1,1,1,1],"3":[1,1],"4":[1,1],"5":[1,1],"6":[1,1],"7":[1,1],"8":[1,1],"9":[1,1],"10":[1,1,1],"11":[1,1],"12":[1,1],"13":[1,1],"14":[1,1],"15":[1,1],"16":[1,1],"17":[1,1]},"f":{"1":2,"2":2,"3":2,"4":2,"5":2,"6":1,"7":1,"8":1,"9":2,"10":2,"11":2,"12":2,"13":1},"fnMap":{"1":{"name":"(anonymous_1)","line":12,"loc":{"start":{"line":12,"column":1},"end":{"line":12,"column":13}}},"2":{"name":"(anonymous_2)","line":19,"loc":{"start":{"line":19,"column":5},"end":{"line":19,"column":17}}},"3":{"name":"(anonymous_3)","line":23,"loc":{"start":{"line":23,"column":24},"end":{"line":23,"column":36}}},"4":{"name":"(anonymous_4)","line":61,"loc":{"start":{"line":61,"column":5},"end":{"line":61,"column":17}}},"5":{"name":"(anonymous_5)","line":82,"loc":{"start":{"line":82,"column":5},"end":{"line":82,"column":17}}},"6":{"name":"(anonymous_6)","line":91,"loc":{"start":{"line":91,"column":77},"end":{"line":94,"column":10}}},"7":{"name":"(anonymous_7)","line":112,"loc":{"start":{"line":112,"column":83},"end":{"line":115,"column":10}},"skip":true},"8":{"name":"(anonymous_8)","line":123,"loc":{"start":{"line":123,"column":77},"end":{"line":126,"column":10}},"skip":true},"9":{"name":"(anonymous_9)","line":139,"loc":{"start":{"line":139,"column":12},"end":{"line":139,"column":40}},"skip":true},"10":{"name":"(anonymous_10)","line":147,"loc":{"start":{"line":147,"column":77},"end":{"line":150,"column":10}},"skip":true},"11":{"name":"(anonymous_11)","line":158,"loc":{"start":{"line":158,"column":83},"end":{"line":161,"column":10}},"skip":true},"12":{"name":"(anonymous_12)","line":169,"loc":{"start":{"line":169,"column":79},"end":{"line":172,"column":10}},"skip":true},"13":{"name":"(anonymous_13)","line":180,"loc":{"start":{"line":180,"column":75},"end":{"line":183,"column":10}},"skip":true}},"statementMap":{"1":{"start":{"line":12,"column":0},"end":{"line":195,"column":5}},"2":{"start":{"line":14,"column":4},"end":{"line":14,"column":14}},"3":{"start":{"line":19,"column":4},"end":{"line":56,"column":9}},"4":{"start":{"line":21,"column":8},"end":{"line":21,"column":19}},"5":{"start":{"line":23,"column":8},"end":{"line":35,"column":13}},"6":{"start":{"line":24,"column":12},"end":{"line":34,"column":13}},"7":{"start":{"line":25,"column":16},"end":{"line":28,"column":30}},"8":{"start":{"line":30,"column":16},"end":{"line":33,"column":27}},"9":{"start":{"line":37,"column":8},"end":{"line":39,"column":21}},"10":{"start":{"line":40,"column":8},"end":{"line":53,"column":9}},"11":{"start":{"line":43,"column":12},"end":{"line":46,"column":14}},"12":{"start":{"line":47,"column":12},"end":{"line":47,"column":18}},"13":{"start":{"line":50,"column":12},"end":{"line":51,"column":33}},"14":{"start":{"line":52,"column":12},"end":{"line":52,"column":18}},"15":{"start":{"line":55,"column":8},"end":{"line":55,"column":35}},"16":{"start":{"line":61,"column":4},"end":{"line":63,"column":9}},"17":{"start":{"line":62,"column":8},"end":{"line":62,"column":15}},"18":{"start":{"line":64,"column":4},"end":{"line":77,"column":5}},"19":{"start":{"line":70,"column":8},"end":{"line":70,"column":14}},"20":{"start":{"line":76,"column":8},"end":{"line":76,"column":14}},"21":{"start":{"line":82,"column":4},"end":{"line":84,"column":9}},"22":{"start":{"line":83,"column":8},"end":{"line":83,"column":15}},"23":{"start":{"line":85,"column":4},"end":{"line":194,"column":5}},"24":{"start":{"line":91,"column":8},"end":{"line":99,"column":10}},"25":{"start":{"line":98,"column":12},"end":{"line":98,"column":35}},"26":{"start":{"line":102,"column":8},"end":{"line":104,"column":63}},"27":{"start":{"line":105,"column":8},"end":{"line":105,"column":14}},"28":{"start":{"line":112,"column":8},"end":{"line":121,"column":10},"skip":true},"29":{"start":{"line":119,"column":12},"end":{"line":119,"column":55},"skip":true},"30":{"start":{"line":120,"column":12},"end":{"line":120,"column":48},"skip":true},"31":{"start":{"line":123,"column":8},"end":{"line":136,"column":10},"skip":true},"32":{"start":{"line":130,"column":12},"end":{"line":130,"column":76},"skip":true},"33":{"start":{"line":131,"column":12},"end":{"line":131,"column":73},"skip":true},"34":{"start":{"line":132,"column":12},"end":{"line":132,"column":74},"skip":true},"35":{"start":{"line":133,"column":12},"end":{"line":133,"column":79},"skip":true},"36":{"start":{"line":134,"column":12},"end":{"line":134,"column":25},"skip":true},"37":{"start":{"line":135,"column":12},"end":{"line":135,"column":45},"skip":true},"38":{"start":{"line":138,"column":8},"end":{"line":145,"column":14},"skip":true},"39":{"start":{"line":143,"column":16},"end":{"line":143,"column":29},"skip":true},"40":{"start":{"line":144,"column":16},"end":{"line":144,"column":55},"skip":true},"41":{"start":{"line":147,"column":8},"end":{"line":156,"column":10},"skip":true},"42":{"start":{"line":154,"column":12},"end":{"line":154,"column":25},"skip":true},"43":{"start":{"line":155,"column":12},"end":{"line":155,"column":45},"skip":true},"44":{"start":{"line":158,"column":8},"end":{"line":167,"column":10},"skip":true},"45":{"start":{"line":165,"column":12},"end":{"line":165,"column":25},"skip":true},"46":{"start":{"line":166,"column":12},"end":{"line":166,"column":48},"skip":true},"47":{"start":{"line":169,"column":8},"end":{"line":178,"column":10},"skip":true},"48":{"start":{"line":176,"column":12},"end":{"line":176,"column":25},"skip":true},"49":{"start":{"line":177,"column":12},"end":{"line":177,"column":46},"skip":true},"50":{"start":{"line":180,"column":8},"end":{"line":189,"column":10},"skip":true},"51":{"start":{"line":187,"column":12},"end":{"line":187,"column":94},"skip":true},"52":{"start":{"line":188,"column":12},"end":{"line":188,"column":48},"skip":true},"53":{"start":{"line":192,"column":8},"end":{"line":192,"column":35},"skip":true},"54":{"start":{"line":193,"column":8},"end":{"line":193,"column":14},"skip":true}},"branchMap":{"1":{"line":25,"type":"binary-expr","locations":[{"start":{"line":25,"column":23},"end":{"line":25,"column":62}},{"start":{"line":26,"column":20},"end":{"line":26,"column":70}},{"start":{"line":27,"column":20},"end":{"line":27,"column":71}},{"start":{"line":28,"column":20},"end":{"line":28,"column":29}}]},"2":{"line":30,"type":"binary-expr","locations":[{"start":{"line":30,"column":23},"end":{"line":30,"column":37}},{"start":{"line":31,"column":20},"end":{"line":31,"column":61}},{"start":{"line":32,"column":20},"end":{"line":32,"column":70}},{"start":{"line":33,"column":20},"end":{"line":33,"column":26}}]},"3":{"line":37,"type":"cond-expr","locations":[{"start":{"line":38,"column":14},"end":{"line":38,"column":20}},{"start":{"line":39,"column":14},"end":{"line":39,"column":20}}]},"4":{"line":40,"type":"switch","locations":[{"start":{"line":42,"column":8},"end":{"line":47,"column":18}},{"start":{"line":49,"column":8},"end":{"line":52,"column":18}}]},"5":{"line":44,"type":"binary-expr","locations":[{"start":{"line":44,"column":16},"end":{"line":44,"column":44}},{"start":{"line":44,"column":48},"end":{"line":44,"column":66}}]},"6":{"line":50,"type":"binary-expr","locations":[{"start":{"line":50,"column":21},"end":{"line":50,"column":49}},{"start":{"line":50,"column":53},"end":{"line":50,"column":72}}]},"7":{"line":64,"type":"switch","locations":[{"start":{"line":69,"column":4},"end":{"line":70,"column":14}},{"start":{"line":75,"column":4},"end":{"line":76,"column":14}}]},"8":{"line":85,"type":"switch","locations":[{"start":{"line":90,"column":4},"end":{"line":105,"column":14}},{"start":{"line":111,"column":4},"end":{"line":193,"column":14},"skip":true}]},"9":{"line":91,"type":"binary-expr","locations":[{"start":{"line":91,"column":42},"end":{"line":91,"column":73}},{"start":{"line":91,"column":77},"end":{"line":99,"column":9}}]},"10":{"line":102,"type":"binary-expr","locations":[{"start":{"line":102,"column":18},"end":{"line":102,"column":32}},{"start":{"line":103,"column":12},"end":{"line":103,"column":53}},{"start":{"line":104,"column":12},"end":{"line":104,"column":61}}]},"11":{"line":112,"type":"binary-expr","locations":[{"start":{"line":112,"column":45},"end":{"line":112,"column":79},"skip":true},{"start":{"line":112,"column":83},"end":{"line":121,"column":9},"skip":true}]},"12":{"line":123,"type":"binary-expr","locations":[{"start":{"line":123,"column":42},"end":{"line":123,"column":73},"skip":true},{"start":{"line":123,"column":77},"end":{"line":136,"column":9},"skip":true}]},"13":{"line":138,"type":"binary-expr","locations":[{"start":{"line":138,"column":48},"end":{"line":138,"column":85},"skip":true},{"start":{"line":139,"column":12},"end":{"line":145,"column":13},"skip":true}]},"14":{"line":147,"type":"binary-expr","locations":[{"start":{"line":147,"column":42},"end":{"line":147,"column":73},"skip":true},{"start":{"line":147,"column":77},"end":{"line":156,"column":9},"skip":true}]},"15":{"line":158,"type":"binary-expr","locations":[{"start":{"line":158,"column":45},"end":{"line":158,"column":79},"skip":true},{"start":{"line":158,"column":83},"end":{"line":167,"column":9},"skip":true}]},"16":{"line":169,"type":"binary-expr","locations":[{"start":{"line":169,"column":43},"end":{"line":169,"column":75},"skip":true},{"start":{"line":169,"column":79},"end":{"line":178,"column":9},"skip":true}]},"17":{"line":180,"type":"binary-expr","locations":[{"start":{"line":180,"column":41},"end":{"line":180,"column":71},"skip":true},{"start":{"line":180,"column":75},"end":{"line":189,"column":9},"skip":true}]}},"code":["/* istanbul instrument in package npmtest_mysql_activerecord */","/*jslint","    bitwise: true,","    browser: true,","    maxerr: 8,","    maxlen: 96,","    node: true,","    nomen: true,","    regexp: true,","    stupid: true","*/","(function () {","    'use strict';","    var local;","","","","    // run shared js-env code - pre-init","    (function () {","        // init local","        local = {};","        // init modeJs","        local.modeJs = (function () {","            try {","                return typeof navigator.userAgent === 'string' &&","                    typeof document.querySelector('body') === 'object' &&","                    typeof XMLHttpRequest.prototype.open === 'function' &&","                    'browser';","            } catch (errorCaughtBrowser) {","                return module.exports &&","                    typeof process.versions.node === 'string' &&","                    typeof require('http').createServer === 'function' &&","                    'node';","            }","        }());","        // init global","        local.global = local.modeJs === 'browser'","            ? window","            : global;","        switch (local.modeJs) {","        // re-init local from window.local","        case 'browser':","            local = local.global.utility2.objectSetDefault(","                local.global.utility2_rollup || local.global.local,","                local.global.utility2","            );","            break;","        // re-init local from example.js","        case 'node':","            local = (local.global.utility2_rollup || require('utility2'))","                .requireReadme();","            break;","        }","        // export local","        local.global.local = local;","    }());","","","","    // run shared js-env code - function","    (function () {","        return;","    }());","    switch (local.modeJs) {","","","","    // run browser js-env code - function","    case 'browser':","        break;","","","","    // run node js-env code - function","    case 'node':","        break;","    }","","","","    // run shared js-env code - post-init","    (function () {","        return;","    }());","    switch (local.modeJs) {","","","","    // run browser js-env code - post-init","    case 'browser':","        local.testCase_browser_nullCase = local.testCase_browser_nullCase || function (","            options,","            onError","        ) {","        /*","         * this function will test browsers's null-case handling-behavior-behavior","         */","            onError(null, options);","        };","","        // run tests","        local.nop(local.modeTest &&","            document.querySelector('#testRunButton1') &&","            document.querySelector('#testRunButton1').click());","        break;","","","","    // run node js-env code - post-init","    /* istanbul ignore next */","    case 'node':","        local.testCase_buildApidoc_default = local.testCase_buildApidoc_default || function (","            options,","            onError","        ) {","        /*","         * this function will test buildApidoc's default handling-behavior-behavior","         */","            options = { modulePathList: module.paths };","            local.buildApidoc(options, onError);","        };","","        local.testCase_buildApp_default = local.testCase_buildApp_default || function (","            options,","            onError","        ) {","        /*","         * this function will test buildApp's default handling-behavior-behavior","         */","            local.testCase_buildReadme_default(options, local.onErrorThrow);","            local.testCase_buildLib_default(options, local.onErrorThrow);","            local.testCase_buildTest_default(options, local.onErrorThrow);","            local.testCase_buildCustomOrg_default(options, local.onErrorThrow);","            options = [];","            local.buildApp(options, onError);","        };","","        local.testCase_buildCustomOrg_default = local.testCase_buildCustomOrg_default ||","            function (options, onError) {","            /*","             * this function will test buildCustomOrg's default handling-behavior","             */","                options = {};","                local.buildCustomOrg(options, onError);","            };","","        local.testCase_buildLib_default = local.testCase_buildLib_default || function (","            options,","            onError","        ) {","        /*","         * this function will test buildLib's default handling-behavior","         */","            options = {};","            local.buildLib(options, onError);","        };","","        local.testCase_buildReadme_default = local.testCase_buildReadme_default || function (","            options,","            onError","        ) {","        /*","         * this function will test buildReadme's default handling-behavior-behavior","         */","            options = {};","            local.buildReadme(options, onError);","        };","","        local.testCase_buildTest_default = local.testCase_buildTest_default || function (","            options,","            onError","        ) {","        /*","         * this function will test buildTest's default handling-behavior","         */","            options = {};","            local.buildTest(options, onError);","        };","","        local.testCase_webpage_default = local.testCase_webpage_default || function (","            options,","            onError","        ) {","        /*","         * this function will test webpage's default handling-behavior","         */","            options = { modeCoverageMerge: true, url: local.serverLocalHost + '?modeTest=1' };","            local.browserTest(options, onError);","        };","","        // run test-server","        local.testRunServer(local);","        break;","    }","}());",""],"l":{"12":2,"14":2,"19":2,"21":2,"23":2,"24":2,"25":2,"30":1,"37":2,"40":2,"43":1,"47":1,"50":1,"52":1,"55":2,"61":2,"62":2,"64":2,"70":1,"76":1,"82":2,"83":2,"85":2,"91":1,"98":1,"102":1,"105":1,"112":1,"119":1,"120":1,"123":1,"130":1,"131":1,"132":1,"133":1,"134":1,"135":1,"138":1,"143":2,"144":2,"147":1,"154":2,"155":2,"158":1,"165":2,"166":2,"169":1,"176":2,"177":2,"180":1,"187":1,"188":1,"192":1,"193":1}},"/home/travis/build/npmtest/node-npmtest-mysql-activerecord/lib.npmtest_mysql_activerecord.js":{"path":"/home/travis/build/npmtest/node-npmtest-mysql-activerecord/lib.npmtest_mysql_activerecord.js","s":{"1":2,"2":2,"3":2,"4":2,"5":2,"6":2,"7":2,"8":1,"9":2,"10":2,"11":2,"12":2,"13":1,"14":1,"15":1,"16":1},"b":{"1":[2,1,1,1],"2":[1,1,1,1],"3":[1,1],"4":[2,2],"5":[1,1]},"f":{"1":2,"2":2,"3":2},"fnMap":{"1":{"name":"(anonymous_1)","line":12,"loc":{"start":{"line":12,"column":1},"end":{"line":12,"column":13}}},"2":{"name":"(anonymous_2)","line":19,"loc":{"start":{"line":19,"column":5},"end":{"line":19,"column":17}}},"3":{"name":"(anonymous_3)","line":23,"loc":{"start":{"line":23,"column":24},"end":{"line":23,"column":36}}}},"statementMap":{"1":{"start":{"line":12,"column":0},"end":{"line":53,"column":5}},"2":{"start":{"line":14,"column":4},"end":{"line":14,"column":14}},"3":{"start":{"line":19,"column":4},"end":{"line":52,"column":9}},"4":{"start":{"line":21,"column":8},"end":{"line":21,"column":19}},"5":{"start":{"line":23,"column":8},"end":{"line":35,"column":13}},"6":{"start":{"line":24,"column":12},"end":{"line":34,"column":13}},"7":{"start":{"line":25,"column":16},"end":{"line":28,"column":30}},"8":{"start":{"line":30,"column":16},"end":{"line":33,"column":27}},"9":{"start":{"line":37,"column":8},"end":{"line":39,"column":21}},"10":{"start":{"line":41,"column":8},"end":{"line":41,"column":54}},"11":{"start":{"line":43,"column":8},"end":{"line":43,"column":63}},"12":{"start":{"line":45,"column":8},"end":{"line":51,"column":9}},"13":{"start":{"line":46,"column":12},"end":{"line":46,"column":69}},"14":{"start":{"line":48,"column":12},"end":{"line":48,"column":35}},"15":{"start":{"line":49,"column":12},"end":{"line":49,"column":49}},"16":{"start":{"line":50,"column":12},"end":{"line":50,"column":43}}},"branchMap":{"1":{"line":25,"type":"binary-expr","locations":[{"start":{"line":25,"column":23},"end":{"line":25,"column":62}},{"start":{"line":26,"column":20},"end":{"line":26,"column":70}},{"start":{"line":27,"column":20},"end":{"line":27,"column":71}},{"start":{"line":28,"column":20},"end":{"line":28,"column":29}}]},"2":{"line":30,"type":"binary-expr","locations":[{"start":{"line":30,"column":23},"end":{"line":30,"column":37}},{"start":{"line":31,"column":20},"end":{"line":31,"column":61}},{"start":{"line":32,"column":20},"end":{"line":32,"column":70}},{"start":{"line":33,"column":20},"end":{"line":33,"column":26}}]},"3":{"line":37,"type":"cond-expr","locations":[{"start":{"line":38,"column":14},"end":{"line":38,"column":20}},{"start":{"line":39,"column":14},"end":{"line":39,"column":20}}]},"4":{"line":41,"type":"binary-expr","locations":[{"start":{"line":41,"column":16},"end":{"line":41,"column":44}},{"start":{"line":41,"column":48},"end":{"line":41,"column":53}}]},"5":{"line":45,"type":"if","locations":[{"start":{"line":45,"column":8},"end":{"line":45,"column":8}},{"start":{"line":45,"column":8},"end":{"line":45,"column":8}}]}},"code":["/* istanbul instrument in package npmtest_mysql_activerecord */","/*jslint","    bitwise: true,","    browser: true,","    maxerr: 8,","    maxlen: 96,","    node: true,","    nomen: true,","    regexp: true,","    stupid: true","*/","(function () {","    'use strict';","    var local;","","","","    // run shared js-env code - pre-init","    (function () {","        // init local","        local = {};","        // init modeJs","        local.modeJs = (function () {","            try {","                return typeof navigator.userAgent === 'string' &&","                    typeof document.querySelector('body') === 'object' &&","                    typeof XMLHttpRequest.prototype.open === 'function' &&","                    'browser';","            } catch (errorCaughtBrowser) {","                return module.exports &&","                    typeof process.versions.node === 'string' &&","                    typeof require('http').createServer === 'function' &&","                    'node';","            }","        }());","        // init global","        local.global = local.modeJs === 'browser'","            ? window","            : global;","        // init utility2_rollup","        local = local.global.utility2_rollup || local;","        // init lib","        local.local = local.npmtest_mysql_activerecord = local;","        // init exports","        if (local.modeJs === 'browser') {","            local.global.utility2_npmtest_mysql_activerecord = local;","        } else {","            module.exports = local;","            module.exports.__dirname = __dirname;","            module.exports.module = module;","        }","    }());","}());",""],"l":{"12":2,"14":2,"19":2,"21":2,"23":2,"24":2,"25":2,"30":1,"37":2,"41":2,"43":2,"45":2,"46":1,"48":1,"49":1,"50":1}},"/home/travis/build/npmtest/node-npmtest-mysql-activerecord/example.js":{"path":"/home/travis/build/npmtest/node-npmtest-mysql-activerecord/example.js","s":{"1":2,"2":2,"3":2,"4":2,"5":2,"6":2,"7":2,"8":1,"9":2,"10":2,"11":2,"12":2,"13":1,"14":2,"15":2,"16":2,"17":2,"18":2,"19":0,"20":2,"21":1,"22":1,"23":1,"24":1,"25":1,"26":0,"27":0,"28":1,"29":1,"30":2,"31":0,"32":0,"33":0,"34":1,"35":2,"36":2,"37":3,"38":3,"39":3,"40":3,"41":0,"42":3,"43":3,"44":3,"45":1,"46":3,"47":1,"48":1,"49":1,"50":1,"51":1,"52":1,"53":1,"54":1,"55":1,"56":1,"57":0,"58":1,"59":6,"60":6,"61":1,"62":2,"63":0,"64":2,"65":1,"66":1,"67":0,"68":0,"69":0,"70":0,"71":0,"72":0,"73":0,"74":0,"75":0,"76":0,"77":0,"78":0,"79":0,"80":0,"81":0,"82":0,"83":0},"b":{"1":[2,1,1,1],"2":[1,1,1,1],"3":[1,1],"4":[2,2],"5":[1,1],"6":[1,1],"7":[2,0],"8":[2,1,1,1,1,1],"9":[0,2,0],"10":[1,1],"11":[2,1,1],"12":[1,0],"13":[0,2],"14":[2,0,0,0,0,0,0],"15":[0,3],"16":[3,0],"17":[1,1],"18":[0,1],"19":[1,2,0,2],"20":[1,0],"21":[1,1],"22":[0,0],"23":[0,0],"24":[0,0],"25":[0,0],"26":[0,0],"27":[0,0],"28":[0,0]},"f":{"1":2,"2":2,"3":2,"4":2,"5":2,"6":2,"7":3,"8":3,"9":3,"10":1,"11":6,"12":0},"fnMap":{"1":{"name":"(anonymous_1)","line":26,"loc":{"start":{"line":26,"column":1},"end":{"line":26,"column":13}}},"2":{"name":"(anonymous_2)","line":33,"loc":{"start":{"line":33,"column":5},"end":{"line":33,"column":17}}},"3":{"name":"(anonymous_3)","line":37,"loc":{"start":{"line":37,"column":24},"end":{"line":37,"column":36}}},"4":{"name":"(anonymous_4)","line":69,"loc":{"start":{"line":69,"column":31},"end":{"line":69,"column":48}},"skip":true},"5":{"name":"(anonymous_5)","line":78,"loc":{"start":{"line":78,"column":26},"end":{"line":78,"column":45}},"skip":true},"6":{"name":"(anonymous_6)","line":123,"loc":{"start":{"line":123,"column":33},"end":{"line":123,"column":48}},"skip":true},"7":{"name":"(anonymous_7)","line":125,"loc":{"start":{"line":125,"column":27},"end":{"line":125,"column":39}},"skip":true},"8":{"name":"(anonymous_8)","line":133,"loc":{"start":{"line":133,"column":59},"end":{"line":133,"column":74}},"skip":true},"9":{"name":"(anonymous_9)","line":143,"loc":{"start":{"line":143,"column":45},"end":{"line":143,"column":62}},"skip":true},"10":{"name":"(anonymous_10)","line":144,"loc":{"start":{"line":144,"column":73},"end":{"line":144,"column":92}},"skip":true},"11":{"name":"(anonymous_11)","line":272,"loc":{"start":{"line":272,"column":51},"end":{"line":272,"column":77}},"skip":true},"12":{"name":"(anonymous_12)","line":315,"loc":{"start":{"line":315,"column":32},"end":{"line":315,"column":61}},"skip":true}},"statementMap":{"1":{"start":{"line":26,"column":0},"end":{"line":326,"column":5}},"2":{"start":{"line":28,"column":4},"end":{"line":28,"column":14}},"3":{"start":{"line":33,"column":4},"end":{"line":60,"column":9}},"4":{"start":{"line":35,"column":8},"end":{"line":35,"column":19}},"5":{"start":{"line":37,"column":8},"end":{"line":49,"column":13}},"6":{"start":{"line":38,"column":12},"end":{"line":48,"column":13}},"7":{"start":{"line":39,"column":16},"end":{"line":42,"column":30}},"8":{"start":{"line":44,"column":16},"end":{"line":47,"column":27}},"9":{"start":{"line":51,"column":8},"end":{"line":53,"column":21}},"10":{"start":{"line":55,"column":8},"end":{"line":57,"column":45}},"11":{"start":{"line":59,"column":8},"end":{"line":59,"column":35}},"12":{"start":{"line":61,"column":4},"end":{"line":325,"column":5}},"13":{"start":{"line":69,"column":8},"end":{"line":121,"column":10},"skip":true},"14":{"start":{"line":70,"column":12},"end":{"line":88,"column":13},"skip":true},"15":{"start":{"line":76,"column":16},"end":{"line":87,"column":19},"skip":true},"16":{"start":{"line":79,"column":20},"end":{"line":86,"column":21},"skip":true},"17":{"start":{"line":82,"column":24},"end":{"line":82,"column":43},"skip":true},"18":{"start":{"line":83,"column":24},"end":{"line":83,"column":30},"skip":true},"19":{"start":{"line":85,"column":24},"end":{"line":85,"column":49},"skip":true},"20":{"start":{"line":89,"column":12},"end":{"line":107,"column":13},"skip":true},"21":{"start":{"line":92,"column":16},"end":{"line":102,"column":17},"skip":true},"22":{"start":{"line":93,"column":20},"end":{"line":93,"column":86},"skip":true},"23":{"start":{"line":94,"column":20},"end":{"line":95,"column":45},"skip":true},"24":{"start":{"line":96,"column":20},"end":{"line":96,"column":42},"skip":true},"25":{"start":{"line":97,"column":20},"end":{"line":97,"column":48},"skip":true},"26":{"start":{"line":100,"column":20},"end":{"line":100,"column":85},"skip":true},"27":{"start":{"line":101,"column":20},"end":{"line":101,"column":96},"skip":true},"28":{"start":{"line":103,"column":16},"end":{"line":103,"column":22},"skip":true},"29":{"start":{"line":106,"column":16},"end":{"line":106,"column":22},"skip":true},"30":{"start":{"line":108,"column":12},"end":{"line":120,"column":13},"skip":true},"31":{"start":{"line":114,"column":16},"end":{"line":119,"column":17},"skip":true},"32":{"start":{"line":116,"column":20},"end":{"line":116,"column":78},"skip":true},"33":{"start":{"line":118,"column":20},"end":{"line":118,"column":47},"skip":true},"34":{"start":{"line":123,"column":8},"end":{"line":141,"column":11},"skip":true},"35":{"start":{"line":124,"column":12},"end":{"line":124,"column":54},"skip":true},"36":{"start":{"line":125,"column":12},"end":{"line":140,"column":14},"skip":true},"37":{"start":{"line":126,"column":16},"end":{"line":126,"column":28},"skip":true},"38":{"start":{"line":127,"column":16},"end":{"line":127,"column":69},"skip":true},"39":{"start":{"line":128,"column":16},"end":{"line":128,"column":75},"skip":true},"40":{"start":{"line":129,"column":16},"end":{"line":131,"column":17},"skip":true},"41":{"start":{"line":130,"column":20},"end":{"line":130,"column":27},"skip":true},"42":{"start":{"line":133,"column":16},"end":{"line":137,"column":36},"skip":true},"43":{"start":{"line":134,"column":20},"end":{"line":136,"column":55},"skip":true},"44":{"start":{"line":139,"column":16},"end":{"line":139,"column":57},"skip":true},"45":{"start":{"line":143,"column":8},"end":{"line":147,"column":11},"skip":true},"46":{"start":{"line":144,"column":12},"end":{"line":146,"column":15},"skip":true},"47":{"start":{"line":145,"column":16},"end":{"line":145,"column":70},"skip":true},"48":{"start":{"line":149,"column":8},"end":{"line":149,"column":31},"skip":true},"49":{"start":{"line":150,"column":8},"end":{"line":150,"column":14},"skip":true},"50":{"start":{"line":158,"column":8},"end":{"line":158,"column":31},"skip":true},"51":{"start":{"line":160,"column":8},"end":{"line":160,"column":33},"skip":true},"52":{"start":{"line":161,"column":8},"end":{"line":161,"column":37},"skip":true},"53":{"start":{"line":162,"column":8},"end":{"line":162,"column":35},"skip":true},"54":{"start":{"line":164,"column":8},"end":{"line":164,"column":50},"skip":true},"55":{"start":{"line":166,"column":8},"end":{"line":256,"column":2},"skip":true},"56":{"start":{"line":258,"column":8},"end":{"line":286,"column":9},"skip":true},"57":{"start":{"line":259,"column":12},"end":{"line":269,"column":14},"skip":true},"58":{"start":{"line":271,"column":12},"end":{"line":285,"column":19},"skip":true},"59":{"start":{"line":274,"column":20},"end":{"line":274,"column":35},"skip":true},"60":{"start":{"line":275,"column":20},"end":{"line":284,"column":21},"skip":true},"61":{"start":{"line":277,"column":24},"end":{"line":277,"column":64},"skip":true},"62":{"start":{"line":279,"column":24},"end":{"line":279,"column":40},"skip":true},"63":{"start":{"line":281,"column":24},"end":{"line":281,"column":40},"skip":true},"64":{"start":{"line":283,"column":24},"end":{"line":283,"column":39},"skip":true},"65":{"start":{"line":288,"column":8},"end":{"line":290,"column":9},"skip":true},"66":{"start":{"line":289,"column":12},"end":{"line":289,"column":18},"skip":true},"67":{"start":{"line":291,"column":8},"end":{"line":293,"column":54},"skip":true},"68":{"start":{"line":296,"column":8},"end":{"line":301,"column":37},"skip":true},"69":{"start":{"line":303,"column":8},"end":{"line":303,"column":82},"skip":true},"70":{"start":{"line":306,"column":8},"end":{"line":308,"column":9},"skip":true},"71":{"start":{"line":307,"column":12},"end":{"line":307,"column":82},"skip":true},"72":{"start":{"line":310,"column":8},"end":{"line":312,"column":9},"skip":true},"73":{"start":{"line":311,"column":12},"end":{"line":311,"column":18},"skip":true},"74":{"start":{"line":313,"column":8},"end":{"line":313,"column":54},"skip":true},"75":{"start":{"line":314,"column":8},"end":{"line":314,"column":69},"skip":true},"76":{"start":{"line":315,"column":8},"end":{"line":323,"column":36},"skip":true},"77":{"start":{"line":316,"column":12},"end":{"line":316,"column":61},"skip":true},"78":{"start":{"line":317,"column":12},"end":{"line":320,"column":13},"skip":true},"79":{"start":{"line":318,"column":16},"end":{"line":318,"column":75},"skip":true},"80":{"start":{"line":319,"column":16},"end":{"line":319,"column":23},"skip":true},"81":{"start":{"line":321,"column":12},"end":{"line":321,"column":38},"skip":true},"82":{"start":{"line":322,"column":12},"end":{"line":322,"column":27},"skip":true},"83":{"start":{"line":324,"column":8},"end":{"line":324,"column":14},"skip":true}},"branchMap":{"1":{"line":39,"type":"binary-expr","locations":[{"start":{"line":39,"column":23},"end":{"line":39,"column":62}},{"start":{"line":40,"column":20},"end":{"line":40,"column":70}},{"start":{"line":41,"column":20},"end":{"line":41,"column":71}},{"start":{"line":42,"column":20},"end":{"line":42,"column":29}}]},"2":{"line":44,"type":"binary-expr","locations":[{"start":{"line":44,"column":23},"end":{"line":44,"column":37}},{"start":{"line":45,"column":20},"end":{"line":45,"column":61}},{"start":{"line":46,"column":20},"end":{"line":46,"column":70}},{"start":{"line":47,"column":20},"end":{"line":47,"column":26}}]},"3":{"line":51,"type":"cond-expr","locations":[{"start":{"line":52,"column":14},"end":{"line":52,"column":20}},{"start":{"line":53,"column":14},"end":{"line":53,"column":20}}]},"4":{"line":55,"type":"binary-expr","locations":[{"start":{"line":55,"column":16},"end":{"line":55,"column":44}},{"start":{"line":55,"column":49},"end":{"line":57,"column":43}}]},"5":{"line":55,"type":"cond-expr","locations":[{"start":{"line":56,"column":14},"end":{"line":56,"column":62}},{"start":{"line":57,"column":14},"end":{"line":57,"column":43}}]},"6":{"line":61,"type":"switch","locations":[{"start":{"line":68,"column":4},"end":{"line":150,"column":14},"skip":true},{"start":{"line":156,"column":4},"end":{"line":324,"column":14},"skip":true}]},"7":{"line":70,"type":"if","locations":[{"start":{"line":70,"column":12},"end":{"line":70,"column":12},"skip":true},{"start":{"line":70,"column":12},"end":{"line":70,"column":12},"skip":true}]},"8":{"line":70,"type":"binary-expr","locations":[{"start":{"line":70,"column":16},"end":{"line":70,"column":22},"skip":true},{"start":{"line":70,"column":27},"end":{"line":70,"column":32},"skip":true},{"start":{"line":71,"column":20},"end":{"line":71,"column":39},"skip":true},{"start":{"line":72,"column":20},"end":{"line":72,"column":49},"skip":true},{"start":{"line":73,"column":20},"end":{"line":73,"column":58},"skip":true},{"start":{"line":74,"column":20},"end":{"line":74,"column":69},"skip":true}]},"9":{"line":79,"type":"switch","locations":[{"start":{"line":80,"column":20},"end":{"line":80,"column":33},"skip":true},{"start":{"line":81,"column":20},"end":{"line":83,"column":30},"skip":true},{"start":{"line":84,"column":20},"end":{"line":85,"column":49},"skip":true}]},"10":{"line":89,"type":"switch","locations":[{"start":{"line":90,"column":12},"end":{"line":103,"column":22},"skip":true},{"start":{"line":105,"column":12},"end":{"line":106,"column":22},"skip":true}]},"11":{"line":89,"type":"binary-expr","locations":[{"start":{"line":89,"column":20},"end":{"line":89,"column":25},"skip":true},{"start":{"line":89,"column":29},"end":{"line":89,"column":48},"skip":true},{"start":{"line":89,"column":52},"end":{"line":89,"column":74},"skip":true}]},"12":{"line":92,"type":"if","locations":[{"start":{"line":92,"column":16},"end":{"line":92,"column":16},"skip":true},{"start":{"line":92,"column":16},"end":{"line":92,"column":16},"skip":true}]},"13":{"line":108,"type":"if","locations":[{"start":{"line":108,"column":12},"end":{"line":108,"column":12},"skip":true},{"start":{"line":108,"column":12},"end":{"line":108,"column":12},"skip":true}]},"14":{"line":108,"type":"binary-expr","locations":[{"start":{"line":108,"column":16},"end":{"line":108,"column":61},"skip":true},{"start":{"line":108,"column":66},"end":{"line":108,"column":72},"skip":true},{"start":{"line":108,"column":77},"end":{"line":108,"column":82},"skip":true},{"start":{"line":109,"column":20},"end":{"line":109,"column":39},"skip":true},{"start":{"line":110,"column":20},"end":{"line":110,"column":49},"skip":true},{"start":{"line":111,"column":20},"end":{"line":111,"column":58},"skip":true},{"start":{"line":112,"column":20},"end":{"line":112,"column":68},"skip":true}]},"15":{"line":129,"type":"if","locations":[{"start":{"line":129,"column":16},"end":{"line":129,"column":16},"skip":true},{"start":{"line":129,"column":16},"end":{"line":129,"column":16},"skip":true}]},"16":{"line":134,"type":"cond-expr","locations":[{"start":{"line":135,"column":26},"end":{"line":135,"column":29},"skip":true},{"start":{"line":136,"column":26},"end":{"line":136,"column":54},"skip":true}]},"17":{"line":164,"type":"binary-expr","locations":[{"start":{"line":164,"column":27},"end":{"line":164,"column":43},"skip":true},{"start":{"line":164,"column":47},"end":{"line":164,"column":49},"skip":true}]},"18":{"line":258,"type":"if","locations":[{"start":{"line":258,"column":8},"end":{"line":258,"column":8},"skip":true},{"start":{"line":258,"column":8},"end":{"line":258,"column":8},"skip":true}]},"19":{"line":275,"type":"switch","locations":[{"start":{"line":276,"column":20},"end":{"line":277,"column":64},"skip":true},{"start":{"line":278,"column":20},"end":{"line":279,"column":40},"skip":true},{"start":{"line":280,"column":20},"end":{"line":281,"column":40},"skip":true},{"start":{"line":282,"column":20},"end":{"line":283,"column":39},"skip":true}]},"20":{"line":288,"type":"if","locations":[{"start":{"line":288,"column":8},"end":{"line":288,"column":8},"skip":true},{"start":{"line":288,"column":8},"end":{"line":288,"column":8},"skip":true}]},"21":{"line":288,"type":"binary-expr","locations":[{"start":{"line":288,"column":12},"end":{"line":288,"column":40},"skip":true},{"start":{"line":288,"column":44},"end":{"line":288,"column":67},"skip":true}]},"22":{"line":292,"type":"binary-expr","locations":[{"start":{"line":292,"column":12},"end":{"line":292,"column":50},"skip":true},{"start":{"line":293,"column":12},"end":{"line":293,"column":53},"skip":true}]},"23":{"line":297,"type":"binary-expr","locations":[{"start":{"line":297,"column":12},"end":{"line":297,"column":76},"skip":true},{"start":{"line":298,"column":12},"end":{"line":301,"column":36},"skip":true}]},"24":{"line":303,"type":"binary-expr","locations":[{"start":{"line":303,"column":43},"end":{"line":303,"column":75},"skip":true},{"start":{"line":303,"column":79},"end":{"line":303,"column":81},"skip":true}]},"25":{"line":306,"type":"if","locations":[{"start":{"line":306,"column":8},"end":{"line":306,"column":8},"skip":true},{"start":{"line":306,"column":8},"end":{"line":306,"column":8},"skip":true}]},"26":{"line":310,"type":"if","locations":[{"start":{"line":310,"column":8},"end":{"line":310,"column":8},"skip":true},{"start":{"line":310,"column":8},"end":{"line":310,"column":8},"skip":true}]},"27":{"line":313,"type":"binary-expr","locations":[{"start":{"line":313,"column":27},"end":{"line":313,"column":43},"skip":true},{"start":{"line":313,"column":47},"end":{"line":313,"column":53},"skip":true}]},"28":{"line":317,"type":"if","locations":[{"start":{"line":317,"column":12},"end":{"line":317,"column":12},"skip":true},{"start":{"line":317,"column":12},"end":{"line":317,"column":12},"skip":true}]}},"code":["/*","example.js","","quickstart example","","instruction","    1. save this script as example.js","    2. run the shell command:","        $ npm install npmtest-mysql-activerecord && PORT=8081 node example.js","    3. play with the browser-demo on http://127.0.0.1:8081","*/","","","","/* istanbul instrument in package npmtest_mysql_activerecord */","/*jslint","    bitwise: true,","    browser: true,","    maxerr: 8,","    maxlen: 96,","    node: true,","    nomen: true,","    regexp: true,","    stupid: true","*/","(function () {","    'use strict';","    var local;","","","","    // run shared js-env code - pre-init","    (function () {","        // init local","        local = {};","        // init modeJs","        local.modeJs = (function () {","            try {","                return typeof navigator.userAgent === 'string' &&","                    typeof document.querySelector('body') === 'object' &&","                    typeof XMLHttpRequest.prototype.open === 'function' &&","                    'browser';","            } catch (errorCaughtBrowser) {","                return module.exports &&","                    typeof process.versions.node === 'string' &&","                    typeof require('http').createServer === 'function' &&","                    'node';","            }","        }());","        // init global","        local.global = local.modeJs === 'browser'","            ? window","            : global;","        // init utility2_rollup","        local = local.global.utility2_rollup || (local.modeJs === 'browser'","            ? local.global.utility2_npmtest_mysql_activerecord","            : global.utility2_moduleExports);","        // export local","        local.global.local = local;","    }());","    switch (local.modeJs) {","","","","    // post-init","    // run browser js-env code - post-init","    /* istanbul ignore next */","    case 'browser':","        local.testRunBrowser = function (event) {","            if (!event || (event &&","                    event.currentTarget &&","                    event.currentTarget.className &&","                    event.currentTarget.className.includes &&","                    event.currentTarget.className.includes('onreset'))) {","                // reset output","                Array.from(","                    document.querySelectorAll('body > .resettable')","                ).forEach(function (element) {","                    switch (element.tagName) {","                    case 'INPUT':","                    case 'TEXTAREA':","                        element.value = '';","                        break;","                    default:","                        element.textContent = '';","                    }","                });","            }","            switch (event && event.currentTarget && event.currentTarget.id) {","            case 'testRunButton1':","                // show tests","                if (document.querySelector('#testReportDiv1').style.display === 'none') {","                    document.querySelector('#testReportDiv1').style.display = 'block';","                    document.querySelector('#testRunButton1').textContent =","                        'hide internal test';","                    local.modeTest = true;","                    local.testRunDefault(local);","                // hide tests","                } else {","                    document.querySelector('#testReportDiv1').style.display = 'none';","                    document.querySelector('#testRunButton1').textContent = 'run internal test';","                }","                break;","            // custom-case","            default:","                break;","            }","            if (document.querySelector('#inputTextareaEval1') && (!event || (event &&","                    event.currentTarget &&","                    event.currentTarget.className &&","                    event.currentTarget.className.includes &&","                    event.currentTarget.className.includes('oneval')))) {","                // try to eval input-code","                try {","                    /*jslint evil: true*/","                    eval(document.querySelector('#inputTextareaEval1').value);","                } catch (errorCaught) {","                    console.error(errorCaught);","                }","            }","        };","        // log stderr and stdout to #outputTextareaStdout1","        ['error', 'log'].forEach(function (key) {","            console[key + '_original'] = console[key];","            console[key] = function () {","                var element;","                console[key + '_original'].apply(console, arguments);","                element = document.querySelector('#outputTextareaStdout1');","                if (!element) {","                    return;","                }","                // append text to #outputTextareaStdout1","                element.value += Array.from(arguments).map(function (arg) {","                    return typeof arg === 'string'","                        ? arg","                        : JSON.stringify(arg, null, 4);","                }).join(' ') + '\\n';","                // scroll textarea to bottom","                element.scrollTop = element.scrollHeight;","            };","        });","        // init event-handling","        ['change', 'click', 'keyup'].forEach(function (event) {","            Array.from(document.querySelectorAll('.on' + event)).forEach(function (element) {","                element.addEventListener(event, local.testRunBrowser);","            });","        });","        // run tests","        local.testRunBrowser();","        break;","","","","    // run node js-env code - post-init","    /* istanbul ignore next */","    case 'node':","        // export local","        module.exports = local;","        // require modules","        local.fs = require('fs');","        local.http = require('http');","        local.url = require('url');","        // init assets","        local.assetsDict = local.assetsDict || {};","        /* jslint-ignore-begin */","        local.assetsDict['/assets.index.template.html'] = '\\","<!doctype html>\\n\\","<html lang=\"en\">\\n\\","<head>\\n\\","<meta charset=\"UTF-8\">\\n\\","<meta name=\"viewport\" content=\"width=device-width, initial-scale=1\">\\n\\","<title>{{env.npm_package_name}} (v{{env.npm_package_version}})</title>\\n\\","<style>\\n\\","/*csslint\\n\\","    box-sizing: false,\\n\\","    universal-selector: false\\n\\","*/\\n\\","* {\\n\\","    box-sizing: border-box;\\n\\","}\\n\\","body {\\n\\","    background: #dde;\\n\\","    font-family: Arial, Helvetica, sans-serif;\\n\\","    margin: 2rem;\\n\\","}\\n\\","body > * {\\n\\","    margin-bottom: 1rem;\\n\\","}\\n\\",".utility2FooterDiv {\\n\\","    margin-top: 20px;\\n\\","    text-align: center;\\n\\","}\\n\\","</style>\\n\\","<style>\\n\\","/*csslint\\n\\","*/\\n\\","textarea {\\n\\","    font-family: monospace;\\n\\","    height: 10rem;\\n\\","    width: 100%;\\n\\","}\\n\\","textarea[readonly] {\\n\\","    background: #ddd;\\n\\","}\\n\\","</style>\\n\\","</head>\\n\\","<body>\\n\\","<!-- utility2-comment\\n\\","<div id=\"ajaxProgressDiv1\" style=\"background: #d00; height: 2px; left: 0; margin: 0; padding: 0; position: fixed; top: 0; transition: background 0.5s, width 1.5s; width: 25%;\"></div>\\n\\","utility2-comment -->\\n\\","<h1>\\n\\","<!-- utility2-comment\\n\\","    <a\\n\\","        {{#if env.npm_package_homepage}}\\n\\","        href=\"{{env.npm_package_homepage}}\"\\n\\","        {{/if env.npm_package_homepage}}\\n\\","        target=\"_blank\"\\n\\","    >\\n\\","utility2-comment -->\\n\\","        {{env.npm_package_name}} (v{{env.npm_package_version}})\\n\\","<!-- utility2-comment\\n\\","    </a>\\n\\","utility2-comment -->\\n\\","</h1>\\n\\","<h3>{{env.npm_package_description}}</h3>\\n\\","<!-- utility2-comment\\n\\","<h4><a download href=\"assets.app.js\">download standalone app</a></h4>\\n\\","<button class=\"onclick onreset\" id=\"testRunButton1\">run internal test</button><br>\\n\\","<div id=\"testReportDiv1\" style=\"display: none;\"></div>\\n\\","utility2-comment -->\\n\\","\\n\\","\\n\\","\\n\\","<label>stderr and stdout</label>\\n\\","<textarea class=\"resettable\" id=\"outputTextareaStdout1\" readonly></textarea>\\n\\","<!-- utility2-comment\\n\\","{{#if isRollup}}\\n\\","<script src=\"assets.app.js\"></script>\\n\\","{{#unless isRollup}}\\n\\","utility2-comment -->\\n\\","<script src=\"assets.utility2.rollup.js\"></script>\\n\\","<script src=\"jsonp.utility2._stateInit?callback=window.utility2._stateInit\"></script>\\n\\","<script src=\"assets.npmtest_mysql_activerecord.rollup.js\"></script>\\n\\","<script src=\"assets.example.js\"></script>\\n\\","<script src=\"assets.test.js\"></script>\\n\\","<!-- utility2-comment\\n\\","{{/if isRollup}}\\n\\","utility2-comment -->\\n\\","<div class=\"utility2FooterDiv\">\\n\\","    [ this app was created with\\n\\","    <a href=\"https://github.com/kaizhu256/node-utility2\" target=\"_blank\">utility2</a>\\n\\","    ]\\n\\","</div>\\n\\","</body>\\n\\","</html>\\n\\","';","        /* jslint-ignore-end */","        if (local.templateRender) {","            local.assetsDict['/'] = local.templateRender(","                local.assetsDict['/assets.index.template.html'],","                {","                    env: local.objectSetDefault(local.env, {","                        npm_package_description: 'the greatest app in the world!',","                        npm_package_name: 'my-app',","                        npm_package_nameAlias: 'my_app',","                        npm_package_version: '0.0.1'","                    })","                }","            );","        } else {","            local.assetsDict['/'] = local.assetsDict['/assets.index.template.html']","                .replace((/\\{\\{env\\.(\\w+?)\\}\\}/g), function (match0, match1) {","                    // jslint-hack","                    String(match0);","                    switch (match1) {","                    case 'npm_package_description':","                        return 'the greatest app in the world!';","                    case 'npm_package_name':","                        return 'my-app';","                    case 'npm_package_nameAlias':","                        return 'my_app';","                    case 'npm_package_version':","                        return '0.0.1';","                    }","                });","        }","        // run the cli","        if (local.global.utility2_rollup || module !== require.main) {","            break;","        }","        local.assetsDict['/assets.example.js'] =","            local.assetsDict['/assets.example.js'] ||","            local.fs.readFileSync(__filename, 'utf8');","        // bug-workaround - long $npm_package_buildCustomOrg","        /* jslint-ignore-begin */","        local.assetsDict['/assets.npmtest_mysql_activerecord.rollup.js'] =","            local.assetsDict['/assets.npmtest_mysql_activerecord.rollup.js'] ||","            local.fs.readFileSync(","                local.npmtest_mysql_activerecord.__dirname + '/lib.npmtest_mysql_activerecord.js',","                'utf8'","            ).replace((/^#!/), '//');","        /* jslint-ignore-end */","        local.assetsDict['/favicon.ico'] = local.assetsDict['/favicon.ico'] || '';","        // if $npm_config_timeout_exit exists,","        // then exit this process after $npm_config_timeout_exit ms","        if (Number(process.env.npm_config_timeout_exit)) {","            setTimeout(process.exit, Number(process.env.npm_config_timeout_exit));","        }","        // start server","        if (local.global.utility2_serverHttp1) {","            break;","        }","        process.env.PORT = process.env.PORT || '8081';","        console.error('server starting on port ' + process.env.PORT);","        local.http.createServer(function (request, response) {","            request.urlParsed = local.url.parse(request.url);","            if (local.assetsDict[request.urlParsed.pathname] !== undefined) {","                response.end(local.assetsDict[request.urlParsed.pathname]);","                return;","            }","            response.statusCode = 404;","            response.end();","        }).listen(process.env.PORT);","        break;","    }","}());",""],"l":{"26":2,"28":2,"33":2,"35":2,"37":2,"38":2,"39":2,"44":1,"51":2,"55":2,"59":2,"61":2,"69":1,"70":2,"76":2,"79":2,"82":2,"83":2,"85":1,"89":2,"92":1,"93":1,"94":1,"96":1,"97":1,"100":1,"101":1,"103":1,"106":1,"108":2,"114":1,"116":1,"118":1,"123":1,"124":2,"125":2,"126":3,"127":3,"128":3,"129":3,"130":1,"133":3,"134":3,"139":3,"143":1,"144":3,"145":1,"149":1,"150":1,"158":1,"160":1,"161":1,"162":1,"164":1,"166":1,"258":1,"259":1,"271":1,"274":6,"275":6,"277":1,"279":2,"281":1,"283":2,"288":1,"289":1,"291":1,"296":1,"303":1,"306":1,"307":1,"310":1,"311":1,"313":1,"314":1,"315":1,"316":1,"317":1,"318":1,"319":1,"321":1,"322":1,"324":1}},"/home/travis/build/npmtest/node-npmtest-mysql-activerecord/node_modules/mysql-activerecord/index.js":{"path":"/home/travis/build/npmtest/node-npmtest-mysql-activerecord/node_modules/mysql-activerecord/index.js","s":{"1":1,"2":0,"3":0,"4":0,"5":0,"6":0,"7":0,"8":0,"9":0,"10":0,"11":0,"12":0,"13":0,"14":0,"15":0,"16":0,"17":0,"18":0,"19":0,"20":0,"21":0,"22":0,"23":0,"24":0,"25":0,"26":0,"27":0,"28":0,"29":0,"30":0,"31":0,"32":0,"33":0,"34":0,"35":0,"36":0,"37":0,"38":0,"39":0,"40":0,"41":0,"42":0,"43":0,"44":0,"45":0,"46":0,"47":0,"48":0,"49":0,"50":0,"51":0,"52":0,"53":0,"54":0,"55":0,"56":0,"57":0,"58":0,"59":0,"60":0,"61":0,"62":0,"63":0,"64":0,"65":0,"66":0,"67":0,"68":0,"69":0,"70":0,"71":0,"72":0,"73":0,"74":0,"75":0,"76":0,"77":0,"78":0,"79":0,"80":0,"81":0,"82":0,"83":0,"84":0,"85":0,"86":0,"87":0,"88":0,"89":0,"90":0,"91":0,"92":0,"93":0,"94":0,"95":0,"96":0,"97":0,"98":0,"99":0,"100":0,"101":0,"102":0,"103":0,"104":0,"105":0,"106":0,"107":0,"108":0,"109":0,"110":0,"111":0,"112":0,"113":0,"114":0,"115":0,"116":0,"117":0,"118":0,"119":0,"120":0,"121":0,"122":0,"123":0,"124":0,"125":0,"126":0,"127":0,"128":0,"129":0,"130":0,"131":0,"132":0,"133":0,"134":0,"135":0,"136":0,"137":0,"138":0,"139":0,"140":0,"141":0,"142":0,"143":0,"144":0,"145":0,"146":0,"147":0,"148":0,"149":0,"150":0,"151":0,"152":0,"153":0,"154":0,"155":0,"156":0,"157":0,"158":0,"159":0,"160":0,"161":0,"162":0,"163":0,"164":0,"165":0,"166":0,"167":0,"168":0,"169":0,"170":0,"171":0,"172":0,"173":0,"174":0,"175":0,"176":0,"177":0,"178":0,"179":0,"180":0,"181":0,"182":0,"183":0,"184":0,"185":0,"186":0,"187":0,"188":0,"189":0,"190":0,"191":0,"192":0,"193":0,"194":0,"195":0,"196":0,"197":0,"198":0,"199":0,"200":0,"201":0,"202":0,"203":0,"204":0,"205":0,"206":0,"207":0,"208":0,"209":0,"210":0,"211":0,"212":0,"213":0,"214":0,"215":0,"216":0,"217":0,"218":0,"219":0,"220":0,"221":0,"222":0,"223":0,"224":0,"225":0,"226":0,"227":0,"228":0,"229":0,"230":0,"231":0,"232":0,"233":0,"234":0,"235":0,"236":0,"237":1,"238":0,"239":0,"240":0,"241":0,"242":0,"243":0,"244":0,"245":0,"246":0,"247":0,"248":0,"249":0,"250":0,"251":0,"252":0,"253":1,"254":1,"255":1,"256":0,"257":0,"258":0,"259":0,"260":0,"261":0,"262":0,"263":0,"264":0,"265":0,"266":0,"267":0,"268":0,"269":0,"270":0,"271":0,"272":0,"273":0,"274":0,"275":0,"276":0,"277":0,"278":0,"279":0,"280":1,"281":1},"b":{"1":[0,0],"2":[0,0],"3":[0,0],"4":[0,0],"5":[0,0],"6":[0,0],"7":[0,0],"8":[0,0],"9":[0,0],"10":[0,0],"11":[0,0],"12":[0,0],"13":[0,0],"14":[0,0],"15":[0,0],"16":[0,0],"17":[0,0],"18":[0,0],"19":[0,0],"20":[0,0],"21":[0,0],"22":[0,0],"23":[0,0,0],"24":[0,0],"25":[0,0],"26":[0,0],"27":[0,0],"28":[0,0],"29":[0,0],"30":[0,0],"31":[0,0],"32":[0,0],"33":[0,0],"34":[0,0],"35":[0,0,0],"36":[0,0],"37":[0,0],"38":[0,0,0,0,0],"39":[0,0],"40":[0,0],"41":[0,0],"42":[0,0],"43":[0,0],"44":[0,0],"45":[0,0],"46":[0,0],"47":[0,0],"48":[0,0],"49":[0,0],"50":[0,0],"51":[0,0],"52":[0,0],"53":[0,0],"54":[0,0],"55":[0,0],"56":[0,0],"57":[0,0],"58":[0,0],"59":[0,0],"60":[0,0],"61":[0,0],"62":[0,0],"63":[0,0],"64":[0,0],"65":[0,0],"66":[0,0],"67":[0,0],"68":[0,0],"69":[0,0],"70":[0,0],"71":[0,0],"72":[0,0],"73":[0,0],"74":[0,0],"75":[0,0],"76":[0,0],"77":[0,0],"78":[0,0],"79":[0,0],"80":[0,0],"81":[0,0]},"f":{"1":0,"2":0,"3":0,"4":0,"5":0,"6":0,"7":0,"8":0,"9":0,"10":0,"11":0,"12":0,"13":0,"14":0,"15":0,"16":0,"17":0,"18":0,"19":0,"20":0,"21":0,"22":0,"23":0,"24":0,"25":0,"26":0,"27":0,"28":0,"29":0,"30":0,"31":0,"32":0,"33":0,"34":0,"35":0,"36":0,"37":0,"38":0,"39":0,"40":0,"41":0,"42":0,"43":0,"44":0,"45":0,"46":0},"fnMap":{"1":{"name":"(anonymous_1)","line":31,"loc":{"start":{"line":31,"column":14},"end":{"line":31,"column":33}}},"2":{"name":"(anonymous_2)","line":35,"loc":{"start":{"line":35,"column":36},"end":{"line":35,"column":48}}},"3":{"name":"(anonymous_3)","line":88,"loc":{"start":{"line":88,"column":18},"end":{"line":88,"column":41}}},"4":{"name":"(anonymous_4)","line":105,"loc":{"start":{"line":105,"column":23},"end":{"line":105,"column":37}}},"5":{"name":"(anonymous_5)","line":109,"loc":{"start":{"line":109,"column":23},"end":{"line":109,"column":60}}},"6":{"name":"(anonymous_6)","line":154,"loc":{"start":{"line":154,"column":23},"end":{"line":154,"column":34}}},"7":{"name":"(anonymous_7)","line":164,"loc":{"start":{"line":164,"column":20},"end":{"line":164,"column":31}}},"8":{"name":"(anonymous_8)","line":175,"loc":{"start":{"line":175,"column":21},"end":{"line":175,"column":38}}},"9":{"name":"(anonymous_9)","line":185,"loc":{"start":{"line":185,"column":12},"end":{"line":185,"column":25}}},"10":{"name":"(anonymous_10)","line":196,"loc":{"start":{"line":196,"column":27},"end":{"line":196,"column":38}}},"11":{"name":"(anonymous_11)","line":197,"loc":{"start":{"line":197,"column":19},"end":{"line":197,"column":30}}},"12":{"name":"(anonymous_12)","line":199,"loc":{"start":{"line":199,"column":14},"end":{"line":199,"column":52}}},"13":{"name":"(anonymous_13)","line":219,"loc":{"start":{"line":219,"column":14},"end":{"line":219,"column":52}}},"14":{"name":"(anonymous_14)","line":225,"loc":{"start":{"line":225,"column":41},"end":{"line":225,"column":60}}},"15":{"name":"(anonymous_15)","line":237,"loc":{"start":{"line":237,"column":13},"end":{"line":237,"column":54}}},"16":{"name":"(anonymous_16)","line":246,"loc":{"start":{"line":246,"column":15},"end":{"line":246,"column":35}}},"17":{"name":"(anonymous_17)","line":263,"loc":{"start":{"line":263,"column":34},"end":{"line":263,"column":48}}},"18":{"name":"(anonymous_18)","line":274,"loc":{"start":{"line":274,"column":17},"end":{"line":274,"column":31}}},"19":{"name":"(anonymous_19)","line":279,"loc":{"start":{"line":279,"column":15},"end":{"line":279,"column":29}}},"20":{"name":"(anonymous_20)","line":284,"loc":{"start":{"line":284,"column":17},"end":{"line":284,"column":31}}},"21":{"name":"(anonymous_21)","line":289,"loc":{"start":{"line":289,"column":14},"end":{"line":289,"column":44}}},"22":{"name":"(anonymous_22)","line":299,"loc":{"start":{"line":299,"column":13},"end":{"line":299,"column":24}}},"23":{"name":"(anonymous_23)","line":304,"loc":{"start":{"line":304,"column":15},"end":{"line":304,"column":81}}},"24":{"name":"(anonymous_24)","line":334,"loc":{"start":{"line":334,"column":22},"end":{"line":334,"column":82}}},"25":{"name":"(anonymous_25)","line":338,"loc":{"start":{"line":338,"column":21},"end":{"line":338,"column":74}}},"26":{"name":"(anonymous_26)","line":359,"loc":{"start":{"line":359,"column":4},"end":{"line":359,"column":16}}},"27":{"name":"(anonymous_27)","line":381,"loc":{"start":{"line":381,"column":12},"end":{"line":381,"column":50}}},"28":{"name":"(anonymous_28)","line":400,"loc":{"start":{"line":400,"column":15},"end":{"line":400,"column":62}}},"29":{"name":"(anonymous_29)","line":414,"loc":{"start":{"line":414,"column":15},"end":{"line":414,"column":29}}},"30":{"name":"(anonymous_30)","line":418,"loc":{"start":{"line":418,"column":15},"end":{"line":418,"column":53}}},"31":{"name":"(anonymous_31)","line":431,"loc":{"start":{"line":431,"column":20},"end":{"line":431,"column":31}}},"32":{"name":"(anonymous_32)","line":435,"loc":{"start":{"line":435,"column":14},"end":{"line":435,"column":57}}},"33":{"name":"(anonymous_33)","line":441,"loc":{"start":{"line":441,"column":19},"end":{"line":441,"column":30}}},"34":{"name":"(anonymous_34)","line":445,"loc":{"start":{"line":445,"column":24},"end":{"line":445,"column":35}}},"35":{"name":"(anonymous_35)","line":449,"loc":{"start":{"line":449,"column":26},"end":{"line":449,"column":37}}},"36":{"name":"(anonymous_36)","line":453,"loc":{"start":{"line":453,"column":26},"end":{"line":453,"column":37}}},"37":{"name":"handleDisconnect","line":459,"loc":{"start":{"line":459,"column":1},"end":{"line":459,"column":47}}},"38":{"name":"(anonymous_38)","line":460,"loc":{"start":{"line":460,"column":33},"end":{"line":460,"column":47}}},"39":{"name":"(anonymous_39)","line":471,"loc":{"start":{"line":471,"column":40},"end":{"line":471,"column":51}}},"40":{"name":"(anonymous_40)","line":491,"loc":{"start":{"line":491,"column":11},"end":{"line":491,"column":31}}},"41":{"name":"(anonymous_41)","line":501,"loc":{"start":{"line":501,"column":34},"end":{"line":501,"column":53}}},"42":{"name":"(anonymous_42)","line":514,"loc":{"start":{"line":514,"column":42},"end":{"line":514,"column":61}}},"43":{"name":"(anonymous_43)","line":522,"loc":{"start":{"line":522,"column":13},"end":{"line":522,"column":25}}},"44":{"name":"(anonymous_44)","line":526,"loc":{"start":{"line":526,"column":22},"end":{"line":526,"column":50}}},"45":{"name":"(anonymous_45)","line":527,"loc":{"start":{"line":527,"column":26},"end":{"line":527,"column":53}}},"46":{"name":"(anonymous_46)","line":543,"loc":{"start":{"line":543,"column":19},"end":{"line":543,"column":47}}}},"statementMap":{"1":{"start":{"line":31,"column":0},"end":{"line":486,"column":2}},"2":{"start":{"line":33,"column":1},"end":{"line":33,"column":30}},"3":{"start":{"line":35,"column":1},"end":{"line":60,"column":3}},"4":{"start":{"line":36,"column":2},"end":{"line":38,"column":3}},"5":{"start":{"line":37,"column":3},"end":{"line":37,"column":35}},"6":{"start":{"line":39,"column":2},"end":{"line":41,"column":3}},"7":{"start":{"line":40,"column":3},"end":{"line":40,"column":37}},"8":{"start":{"line":43,"column":2},"end":{"line":45,"column":3}},"9":{"start":{"line":44,"column":3},"end":{"line":44,"column":76}},"10":{"start":{"line":46,"column":2},"end":{"line":48,"column":3}},"11":{"start":{"line":47,"column":3},"end":{"line":47,"column":24}},"12":{"start":{"line":49,"column":2},"end":{"line":51,"column":3}},"13":{"start":{"line":50,"column":3},"end":{"line":50,"column":22}},"14":{"start":{"line":52,"column":2},"end":{"line":54,"column":3}},"15":{"start":{"line":53,"column":3},"end":{"line":53,"column":26}},"16":{"start":{"line":55,"column":2},"end":{"line":57,"column":3}},"17":{"start":{"line":56,"column":3},"end":{"line":56,"column":78}},"18":{"start":{"line":59,"column":2},"end":{"line":59,"column":18}},"19":{"start":{"line":62,"column":1},"end":{"line":62,"column":16}},"20":{"start":{"line":63,"column":1},"end":{"line":63,"column":24}},"21":{"start":{"line":64,"column":1},"end":{"line":64,"column":10}},"22":{"start":{"line":66,"column":1},"end":{"line":72,"column":2}},"23":{"start":{"line":67,"column":2},"end":{"line":67,"column":28}},"24":{"start":{"line":68,"column":2},"end":{"line":68,"column":40}},"25":{"start":{"line":70,"column":2},"end":{"line":70,"column":54}},"26":{"start":{"line":71,"column":2},"end":{"line":71,"column":62}},"27":{"start":{"line":74,"column":1},"end":{"line":76,"column":2}},"28":{"start":{"line":75,"column":2},"end":{"line":75,"column":52}},"29":{"start":{"line":78,"column":1},"end":{"line":86,"column":17}},"30":{"start":{"line":88,"column":1},"end":{"line":100,"column":3}},"31":{"start":{"line":89,"column":2},"end":{"line":89,"column":19}},"32":{"start":{"line":90,"column":2},"end":{"line":90,"column":20}},"33":{"start":{"line":91,"column":2},"end":{"line":91,"column":21}},"34":{"start":{"line":92,"column":2},"end":{"line":92,"column":21}},"35":{"start":{"line":93,"column":2},"end":{"line":94,"column":19}},"36":{"start":{"line":95,"column":2},"end":{"line":95,"column":20}},"37":{"start":{"line":96,"column":2},"end":{"line":96,"column":18}},"38":{"start":{"line":97,"column":2},"end":{"line":97,"column":69}},"39":{"start":{"line":98,"column":2},"end":{"line":98,"column":22}},"40":{"start":{"line":99,"column":2},"end":{"line":99,"column":22}},"41":{"start":{"line":102,"column":1},"end":{"line":102,"column":25}},"42":{"start":{"line":103,"column":1},"end":{"line":103,"column":25}},"43":{"start":{"line":105,"column":1},"end":{"line":107,"column":3}},"44":{"start":{"line":106,"column":2},"end":{"line":106,"column":143}},"45":{"start":{"line":109,"column":1},"end":{"line":152,"column":3}},"46":{"start":{"line":110,"column":2},"end":{"line":112,"column":3}},"47":{"start":{"line":111,"column":3},"end":{"line":111,"column":20}},"48":{"start":{"line":113,"column":2},"end":{"line":113,"column":30}},"49":{"start":{"line":114,"column":2},"end":{"line":116,"column":3}},"50":{"start":{"line":115,"column":3},"end":{"line":115,"column":20}},"51":{"start":{"line":117,"column":2},"end":{"line":117,"column":26}},"52":{"start":{"line":119,"column":2},"end":{"line":119,"column":43}},"53":{"start":{"line":121,"column":2},"end":{"line":147,"column":3}},"54":{"start":{"line":122,"column":3},"end":{"line":122,"column":23}},"55":{"start":{"line":124,"column":3},"end":{"line":146,"column":4}},"56":{"start":{"line":125,"column":4},"end":{"line":140,"column":5}},"57":{"start":{"line":126,"column":5},"end":{"line":126,"column":24}},"58":{"start":{"line":128,"column":9},"end":{"line":140,"column":5}},"59":{"start":{"line":129,"column":5},"end":{"line":129,"column":86}},"60":{"start":{"line":131,"column":9},"end":{"line":140,"column":5}},"61":{"start":{"line":132,"column":5},"end":{"line":132,"column":81}},"62":{"start":{"line":134,"column":9},"end":{"line":140,"column":5}},"63":{"start":{"line":135,"column":5},"end":{"line":135,"column":87}},"64":{"start":{"line":138,"column":5},"end":{"line":138,"column":26}},"65":{"start":{"line":139,"column":5},"end":{"line":139,"column":35}},"66":{"start":{"line":142,"column":4},"end":{"line":145,"column":5}},"67":{"start":{"line":143,"column":5},"end":{"line":143,"column":30}},"68":{"start":{"line":144,"column":5},"end":{"line":144,"column":9}},"69":{"start":{"line":148,"column":2},"end":{"line":150,"column":3}},"70":{"start":{"line":149,"column":3},"end":{"line":149,"column":50}},"71":{"start":{"line":151,"column":2},"end":{"line":151,"column":21}},"72":{"start":{"line":154,"column":1},"end":{"line":162,"column":3}},"73":{"start":{"line":155,"column":2},"end":{"line":155,"column":22}},"74":{"start":{"line":157,"column":2},"end":{"line":159,"column":3}},"75":{"start":{"line":158,"column":3},"end":{"line":158,"column":171}},"76":{"start":{"line":161,"column":2},"end":{"line":161,"column":20}},"77":{"start":{"line":164,"column":1},"end":{"line":173,"column":3}},"78":{"start":{"line":165,"column":2},"end":{"line":171,"column":3}},"79":{"start":{"line":166,"column":3},"end":{"line":170,"column":4}},"80":{"start":{"line":167,"column":4},"end":{"line":169,"column":5}},"81":{"start":{"line":168,"column":5},"end":{"line":168,"column":43}},"82":{"start":{"line":172,"column":2},"end":{"line":172,"column":22}},"83":{"start":{"line":175,"column":1},"end":{"line":183,"column":3}},"84":{"start":{"line":176,"column":2},"end":{"line":176,"column":15}},"85":{"start":{"line":177,"column":2},"end":{"line":181,"column":3}},"86":{"start":{"line":178,"column":3},"end":{"line":180,"column":4}},"87":{"start":{"line":179,"column":4},"end":{"line":179,"column":11}},"88":{"start":{"line":182,"column":2},"end":{"line":182,"column":14}},"89":{"start":{"line":185,"column":1},"end":{"line":194,"column":3}},"90":{"start":{"line":186,"column":2},"end":{"line":186,"column":30}},"91":{"start":{"line":187,"column":2},"end":{"line":189,"column":3}},"92":{"start":{"line":188,"column":3},"end":{"line":188,"column":7}},"93":{"start":{"line":190,"column":2},"end":{"line":192,"column":3}},"94":{"start":{"line":191,"column":3},"end":{"line":191,"column":8}},"95":{"start":{"line":193,"column":2},"end":{"line":193,"column":31}},"96":{"start":{"line":196,"column":1},"end":{"line":196,"column":69}},"97":{"start":{"line":196,"column":40},"end":{"line":196,"column":66}},"98":{"start":{"line":197,"column":1},"end":{"line":197,"column":53}},"99":{"start":{"line":197,"column":32},"end":{"line":197,"column":50}},"100":{"start":{"line":199,"column":1},"end":{"line":217,"column":3}},"101":{"start":{"line":200,"column":2},"end":{"line":215,"column":3}},"102":{"start":{"line":201,"column":3},"end":{"line":201,"column":53}},"103":{"start":{"line":203,"column":7},"end":{"line":215,"column":3}},"104":{"start":{"line":204,"column":3},"end":{"line":206,"column":4}},"105":{"start":{"line":205,"column":4},"end":{"line":205,"column":36}},"106":{"start":{"line":207,"column":3},"end":{"line":207,"column":38}},"107":{"start":{"line":209,"column":7},"end":{"line":215,"column":3}},"108":{"start":{"line":210,"column":3},"end":{"line":210,"column":38}},"109":{"start":{"line":212,"column":7},"end":{"line":215,"column":3}},"110":{"start":{"line":213,"column":3},"end":{"line":213,"column":35}},"111":{"start":{"line":214,"column":3},"end":{"line":214,"column":38}},"112":{"start":{"line":216,"column":2},"end":{"line":216,"column":14}},"113":{"start":{"line":219,"column":1},"end":{"line":235,"column":3}},"114":{"start":{"line":220,"column":2},"end":{"line":232,"column":3}},"115":{"start":{"line":221,"column":3},"end":{"line":223,"column":52}},"116":{"start":{"line":225,"column":3},"end":{"line":230,"column":6}},"117":{"start":{"line":226,"column":4},"end":{"line":229,"column":45}},"118":{"start":{"line":227,"column":5},"end":{"line":227,"column":33}},"119":{"start":{"line":229,"column":5},"end":{"line":229,"column":45}},"120":{"start":{"line":231,"column":3},"end":{"line":231,"column":35}},"121":{"start":{"line":234,"column":2},"end":{"line":234,"column":14}},"122":{"start":{"line":237,"column":1},"end":{"line":244,"column":3}},"123":{"start":{"line":238,"column":2},"end":{"line":242,"column":5}},"124":{"start":{"line":243,"column":2},"end":{"line":243,"column":14}},"125":{"start":{"line":246,"column":1},"end":{"line":261,"column":3}},"126":{"start":{"line":247,"column":2},"end":{"line":259,"column":3}},"127":{"start":{"line":248,"column":3},"end":{"line":250,"column":4}},"128":{"start":{"line":249,"column":4},"end":{"line":249,"column":36}},"129":{"start":{"line":253,"column":3},"end":{"line":258,"column":4}},"130":{"start":{"line":254,"column":4},"end":{"line":254,"column":46}},"131":{"start":{"line":255,"column":4},"end":{"line":257,"column":5}},"132":{"start":{"line":256,"column":5},"end":{"line":256,"column":48}},"133":{"start":{"line":260,"column":2},"end":{"line":260,"column":14}},"134":{"start":{"line":263,"column":1},"end":{"line":272,"column":3}},"135":{"start":{"line":264,"column":2},"end":{"line":264,"column":18}},"136":{"start":{"line":265,"column":2},"end":{"line":270,"column":3}},"137":{"start":{"line":266,"column":3},"end":{"line":266,"column":27}},"138":{"start":{"line":268,"column":7},"end":{"line":270,"column":3}},"139":{"start":{"line":269,"column":3},"end":{"line":269,"column":16}},"140":{"start":{"line":271,"column":2},"end":{"line":271,"column":16}},"141":{"start":{"line":274,"column":1},"end":{"line":277,"column":3}},"142":{"start":{"line":275,"column":2},"end":{"line":275,"column":54}},"143":{"start":{"line":276,"column":2},"end":{"line":276,"column":14}},"144":{"start":{"line":279,"column":1},"end":{"line":282,"column":3}},"145":{"start":{"line":280,"column":2},"end":{"line":280,"column":53}},"146":{"start":{"line":281,"column":2},"end":{"line":281,"column":14}},"147":{"start":{"line":284,"column":1},"end":{"line":287,"column":3}},"148":{"start":{"line":285,"column":2},"end":{"line":285,"column":54}},"149":{"start":{"line":286,"column":2},"end":{"line":286,"column":14}},"150":{"start":{"line":289,"column":1},"end":{"line":297,"column":3}},"151":{"start":{"line":290,"column":2},"end":{"line":292,"column":3}},"152":{"start":{"line":291,"column":3},"end":{"line":291,"column":26}},"153":{"start":{"line":293,"column":2},"end":{"line":295,"column":3}},"154":{"start":{"line":294,"column":3},"end":{"line":294,"column":28}},"155":{"start":{"line":296,"column":2},"end":{"line":296,"column":14}},"156":{"start":{"line":299,"column":1},"end":{"line":302,"column":3}},"157":{"start":{"line":300,"column":2},"end":{"line":300,"column":20}},"158":{"start":{"line":301,"column":2},"end":{"line":301,"column":14}},"159":{"start":{"line":304,"column":1},"end":{"line":332,"column":3}},"160":{"start":{"line":305,"column":2},"end":{"line":307,"column":3}},"161":{"start":{"line":306,"column":3},"end":{"line":306,"column":23}},"162":{"start":{"line":308,"column":2},"end":{"line":330,"column":3}},"163":{"start":{"line":309,"column":3},"end":{"line":314,"column":4}},"164":{"start":{"line":310,"column":4},"end":{"line":310,"column":25}},"165":{"start":{"line":312,"column":8},"end":{"line":314,"column":4}},"166":{"start":{"line":313,"column":4},"end":{"line":313,"column":25}},"167":{"start":{"line":316,"column":3},"end":{"line":326,"column":4}},"168":{"start":{"line":317,"column":4},"end":{"line":318,"column":44}},"169":{"start":{"line":320,"column":4},"end":{"line":322,"column":5}},"170":{"start":{"line":321,"column":5},"end":{"line":321,"column":67}},"171":{"start":{"line":324,"column":4},"end":{"line":324,"column":60}},"172":{"start":{"line":325,"column":4},"end":{"line":325,"column":36}},"173":{"start":{"line":329,"column":3},"end":{"line":329,"column":61}},"174":{"start":{"line":331,"column":2},"end":{"line":331,"column":14}},"175":{"start":{"line":334,"column":1},"end":{"line":336,"column":3}},"176":{"start":{"line":335,"column":2},"end":{"line":335,"column":89}},"177":{"start":{"line":338,"column":1},"end":{"line":379,"column":3}},"178":{"start":{"line":339,"column":2},"end":{"line":341,"column":3}},"179":{"start":{"line":340,"column":3},"end":{"line":340,"column":74}},"180":{"start":{"line":343,"column":2},"end":{"line":343,"column":41}},"181":{"start":{"line":343,"column":28},"end":{"line":343,"column":41}},"182":{"start":{"line":345,"column":2},"end":{"line":345,"column":15}},"183":{"start":{"line":346,"column":2},"end":{"line":346,"column":19}},"184":{"start":{"line":347,"column":2},"end":{"line":347,"column":22}},"185":{"start":{"line":349,"column":2},"end":{"line":356,"column":3}},"186":{"start":{"line":350,"column":3},"end":{"line":355,"column":4}},"187":{"start":{"line":351,"column":4},"end":{"line":354,"column":5}},"188":{"start":{"line":352,"column":5},"end":{"line":352,"column":23}},"189":{"start":{"line":353,"column":5},"end":{"line":353,"column":43}},"190":{"start":{"line":358,"column":2},"end":{"line":375,"column":3}},"191":{"start":{"line":359,"column":3},"end":{"line":374,"column":9}},"192":{"start":{"line":360,"column":4},"end":{"line":360,"column":17}},"193":{"start":{"line":362,"column":4},"end":{"line":368,"column":5}},"194":{"start":{"line":363,"column":5},"end":{"line":367,"column":6}},"195":{"start":{"line":364,"column":6},"end":{"line":364,"column":54}},"196":{"start":{"line":366,"column":6},"end":{"line":366,"column":23}},"197":{"start":{"line":370,"column":4},"end":{"line":372,"column":5}},"198":{"start":{"line":371,"column":5},"end":{"line":371,"column":157}},"199":{"start":{"line":373,"column":4},"end":{"line":373,"column":40}},"200":{"start":{"line":377,"column":2},"end":{"line":377,"column":137}},"201":{"start":{"line":378,"column":2},"end":{"line":378,"column":14}},"202":{"start":{"line":381,"column":1},"end":{"line":398,"column":3}},"203":{"start":{"line":382,"column":2},"end":{"line":395,"column":3}},"204":{"start":{"line":383,"column":3},"end":{"line":391,"column":60}},"205":{"start":{"line":393,"column":3},"end":{"line":393,"column":59}},"206":{"start":{"line":394,"column":3},"end":{"line":394,"column":35}},"207":{"start":{"line":397,"column":2},"end":{"line":397,"column":14}},"208":{"start":{"line":400,"column":1},"end":{"line":412,"column":3}},"209":{"start":{"line":401,"column":2},"end":{"line":409,"column":3}},"210":{"start":{"line":402,"column":3},"end":{"line":405,"column":57}},"211":{"start":{"line":407,"column":3},"end":{"line":407,"column":59}},"212":{"start":{"line":408,"column":3},"end":{"line":408,"column":35}},"213":{"start":{"line":411,"column":2},"end":{"line":411,"column":14}},"214":{"start":{"line":414,"column":1},"end":{"line":416,"column":3}},"215":{"start":{"line":415,"column":2},"end":{"line":415,"column":32}},"216":{"start":{"line":418,"column":1},"end":{"line":429,"column":3}},"217":{"start":{"line":419,"column":2},"end":{"line":426,"column":3}},"218":{"start":{"line":420,"column":3},"end":{"line":422,"column":57}},"219":{"start":{"line":424,"column":3},"end":{"line":424,"column":59}},"220":{"start":{"line":425,"column":3},"end":{"line":425,"column":35}},"221":{"start":{"line":428,"column":2},"end":{"line":428,"column":14}},"222":{"start":{"line":431,"column":1},"end":{"line":433,"column":3}},"223":{"start":{"line":432,"column":2},"end":{"line":432,"column":19}},"224":{"start":{"line":435,"column":1},"end":{"line":439,"column":3}},"225":{"start":{"line":436,"column":2},"end":{"line":436,"column":53}},"226":{"start":{"line":437,"column":2},"end":{"line":437,"column":29}},"227":{"start":{"line":438,"column":2},"end":{"line":438,"column":14}},"228":{"start":{"line":441,"column":1},"end":{"line":443,"column":3}},"229":{"start":{"line":442,"column":2},"end":{"line":442,"column":26}},"230":{"start":{"line":445,"column":1},"end":{"line":447,"column":3}},"231":{"start":{"line":446,"column":2},"end":{"line":446,"column":30}},"232":{"start":{"line":449,"column":1},"end":{"line":451,"column":3}},"233":{"start":{"line":450,"column":2},"end":{"line":450,"column":37}},"234":{"start":{"line":453,"column":1},"end":{"line":455,"column":3}},"235":{"start":{"line":454,"column":2},"end":{"line":454,"column":37}},"236":{"start":{"line":457,"column":1},"end":{"line":457,"column":33}},"237":{"start":{"line":459,"column":1},"end":{"line":477,"column":2}},"238":{"start":{"line":460,"column":2},"end":{"line":476,"column":5}},"239":{"start":{"line":461,"column":3},"end":{"line":463,"column":4}},"240":{"start":{"line":462,"column":4},"end":{"line":462,"column":11}},"241":{"start":{"line":465,"column":3},"end":{"line":467,"column":4}},"242":{"start":{"line":466,"column":4},"end":{"line":466,"column":14}},"243":{"start":{"line":469,"column":3},"end":{"line":469,"column":51}},"244":{"start":{"line":469,"column":44},"end":{"line":469,"column":51}},"245":{"start":{"line":471,"column":3},"end":{"line":475,"column":41}},"246":{"start":{"line":472,"column":4},"end":{"line":472,"column":67}},"247":{"start":{"line":473,"column":4},"end":{"line":473,"column":33}},"248":{"start":{"line":474,"column":4},"end":{"line":474,"column":25}},"249":{"start":{"line":479,"column":1},"end":{"line":481,"column":2}},"250":{"start":{"line":480,"column":2},"end":{"line":480,"column":31}},"251":{"start":{"line":483,"column":1},"end":{"line":483,"column":17}},"252":{"start":{"line":485,"column":1},"end":{"line":485,"column":13}},"253":{"start":{"line":488,"column":0},"end":{"line":488,"column":14}},"254":{"start":{"line":489,"column":0},"end":{"line":489,"column":17}},"255":{"start":{"line":491,"column":0},"end":{"line":548,"column":2}},"256":{"start":{"line":492,"column":1},"end":{"line":520,"column":2}},"257":{"start":{"line":493,"column":2},"end":{"line":493,"column":31}},"258":{"start":{"line":495,"column":2},"end":{"line":500,"column":4}},"259":{"start":{"line":501,"column":2},"end":{"line":508,"column":5}},"260":{"start":{"line":503,"column":3},"end":{"line":503,"column":28}},"261":{"start":{"line":505,"column":3},"end":{"line":507,"column":4}},"262":{"start":{"line":506,"column":4},"end":{"line":506,"column":31}},"263":{"start":{"line":511,"column":2},"end":{"line":511,"column":33}},"264":{"start":{"line":512,"column":2},"end":{"line":512,"column":51}},"265":{"start":{"line":514,"column":2},"end":{"line":516,"column":5}},"266":{"start":{"line":515,"column":3},"end":{"line":515,"column":53}},"267":{"start":{"line":518,"column":2},"end":{"line":518,"column":43}},"268":{"start":{"line":519,"column":2},"end":{"line":519,"column":34}},"269":{"start":{"line":522,"column":1},"end":{"line":524,"column":3}},"270":{"start":{"line":523,"column":2},"end":{"line":523,"column":19}},"271":{"start":{"line":526,"column":1},"end":{"line":541,"column":3}},"272":{"start":{"line":527,"column":2},"end":{"line":540,"column":5}},"273":{"start":{"line":528,"column":3},"end":{"line":530,"column":4}},"274":{"start":{"line":529,"column":4},"end":{"line":529,"column":14}},"275":{"start":{"line":531,"column":3},"end":{"line":538,"column":6}},"276":{"start":{"line":539,"column":3},"end":{"line":539,"column":29}},"277":{"start":{"line":543,"column":1},"end":{"line":545,"column":3}},"278":{"start":{"line":544,"column":2},"end":{"line":544,"column":36}},"279":{"start":{"line":547,"column":1},"end":{"line":547,"column":13}},"280":{"start":{"line":550,"column":0},"end":{"line":550,"column":26}},"281":{"start":{"line":551,"column":0},"end":{"line":551,"column":20}}},"branchMap":{"1":{"line":36,"type":"if","locations":[{"start":{"line":36,"column":2},"end":{"line":36,"column":2}},{"start":{"line":36,"column":2},"end":{"line":36,"column":2}}]},"2":{"line":39,"type":"if","locations":[{"start":{"line":39,"column":2},"end":{"line":39,"column":2}},{"start":{"line":39,"column":2},"end":{"line":39,"column":2}}]},"3":{"line":43,"type":"if","locations":[{"start":{"line":43,"column":2},"end":{"line":43,"column":2}},{"start":{"line":43,"column":2},"end":{"line":43,"column":2}}]},"4":{"line":46,"type":"if","locations":[{"start":{"line":46,"column":2},"end":{"line":46,"column":2}},{"start":{"line":46,"column":2},"end":{"line":46,"column":2}}]},"5":{"line":49,"type":"if","locations":[{"start":{"line":49,"column":2},"end":{"line":49,"column":2}},{"start":{"line":49,"column":2},"end":{"line":49,"column":2}}]},"6":{"line":52,"type":"if","locations":[{"start":{"line":52,"column":2},"end":{"line":52,"column":2}},{"start":{"line":52,"column":2},"end":{"line":52,"column":2}}]},"7":{"line":55,"type":"if","locations":[{"start":{"line":55,"column":2},"end":{"line":55,"column":2}},{"start":{"line":55,"column":2},"end":{"line":55,"column":2}}]},"8":{"line":66,"type":"if","locations":[{"start":{"line":66,"column":1},"end":{"line":66,"column":1}},{"start":{"line":66,"column":1
[...]
column":6},"end":{"line":475,"column":31}},{"start":{"line":475,"column":35},"end":{"line":475,"column":39}}]},"78":{"line":479,"type":"if","locations":[{"start":{"line":479,"column":1},"end":{"line":479,"column":1}},{"start":{"line":479,"column":1},"end":{"line":479,"column":1}}]},"79":{"line":492,"type":"if","locations":[{"start":{"line":492,"column":1},"end":{"line":492,"column":1}},{"start":{"line":492,"column":1},"end":{"line":492,"column":1}}]},"80":{"line":505,"type":"if","locations":[{"start":{"line":505,"column":3},"end":{"line":505,"column":3}},{"start":{"line":505,"column":3},"end":{"line":505,"column":3}}]},"81":{"line":528,"type":"if","locations":[{"start":{"line":528,"column":3},"end":{"line":528,"column":3}},{"start":{"line":528,"column":3},"end":{"line":528,"column":3}}]}},"code":["/**"," * MySQL ActiveRecord Adapter for Node.js"," * (C) Martin Tajur 2011-2014"," * martin@tajur.ee"," * "," * Active Record Database Pattern implementation for use with node-mysql as MySQL connection driver."," * "," * Dual licensed under the MIT and GPL licenses."," * "," * Permission is hereby granted, free of charge, to any person obtaining a"," * copy of this software and associated documentation files (the"," * \"Software\"), to deal in the Software without restriction, including"," * without limitation the rights to use, copy, modify, merge, publish,"," * distribute, sublicense, and/or sell copies of the Software, and to"," * permit persons to whom the Software is furnished to do so, subject to"," * the following conditions:"," * "," * The above copyright notice and this permission notice shall be included"," * in all copies or substantial portions of the Software."," * "," * THE SOFTWARE IS PROVIDED \"AS IS\", WITHOUT WARRANTY OF ANY KIND, EXPRESS"," * OR IMPLIED, INCLUDING BUT NOT LIMITED TO THE WARRANTIES OF"," * MERCHANTABILITY, FITNESS FOR A PARTICULAR PURPOSE AND NONINFRINGEMENT."," * IN NO EVENT SHALL KEVIN VAN ZONNEVELD BE LIABLE FOR ANY CLAIM, DAMAGES"," * OR OTHER LIABILITY, WHETHER IN AN ACTION OF CONTRACT, TORT OR OTHERWISE,"," * ARISING FROM, OUT OF OR IN CONNECTION WITH THE SOFTWARE OR THE USE OR"," * OTHER DEALINGS IN THE SOFTWARE."," * ","**/ ","","var Adapter = function(settings) {","","\tvar mysql = require('mysql');","","\tvar initializeConnectionSettings = function () {","\t\tif(settings.server) {","\t\t\tsettings.host = settings.server;","\t\t}","\t\tif(settings.username) {","\t\t\tsettings.user = settings.username;","\t\t}","","\t\tif (!settings.host) {","\t\t\tthrow new Error('Unable to start mysql-activerecord - no server given.');","\t\t}","\t\tif (!settings.port) {","\t\t\tsettings.port = 3306;","\t\t}","\t\tif (!settings.user) {","\t\t\tsettings.user = '';","\t\t}","\t\tif (!settings.password) {","\t\t\tsettings.password = '';","\t\t}","\t\tif (!settings.database) {","\t\t\tthrow new Error('Unable to start mysql-activerecord - no database given.');","\t\t}","","\t\treturn settings;","\t};","","\tvar connection;","\tvar connectionSettings;","\tvar pool;","","\tif (settings && settings.pool) {","\t\tpool = settings.pool.pool;","\t\tconnection = settings.pool.connection;","\t} else {","\t\tconnectionSettings = initializeConnectionSettings();","\t\tconnection = new mysql.createConnection(connectionSettings);","\t}","","\tif (settings.charset) {","\t\tconnection.query('SET NAMES ' + settings.charset);","\t}","","\tvar whereClause = {},","\t\tselectClause = [],","\t\torderByClause = '',","\t\tgroupByClause = '',","\t\thavingClause = '',","\t\tlimitClause = -1,","\t\toffsetClause = -1,","\t\tjoinClause = [],","\t\tlastQuery = '';","\t","\tvar resetQuery = function(newLastQuery) {","\t\twhereClause = {};","\t\tselectClause = [];","\t\torderByClause = '';","\t\tgroupByClause = '';","\t\thavingClause = '',","\t\tlimitClause = -1;","\t\toffsetClause = -1;","\t\tjoinClause = [];","\t\tlastQuery = (typeof newLastQuery === 'string' ? newLastQuery : '');","\t\trawWhereClause = {};","\t\trawWhereString = {};","\t};","\t","\tvar rawWhereClause = {};","\tvar rawWhereString = {};","\t","\tvar escapeFieldName = function(str) {","\t\treturn (typeof rawWhereString[str] === 'undefined' && typeof rawWhereClause[str] === 'undefined' ? '`' + str.replace('.','`.`') + '`' : str);","\t};","\t","\tvar buildDataString = function(dataSet, separator, clause) {","\t\tif (!clause) {","\t\t\tclause = 'WHERE';","\t\t}","\t\tvar queryString = '', y = 1;","\t\tif (!separator) {","\t\t\tseparator = ', ';","\t\t}","\t\tvar useSeparator = true;","\t\t","\t\tvar datasetSize = getObjectSize(dataSet);","\t\t","\t\tfor (var key in dataSet) {","\t\t\tuseSeparator = true;","\t\t\t","\t\t\tif (dataSet.hasOwnProperty(key)) {","\t\t\t\tif (clause == 'WHERE' && rawWhereString[key] == true) {","\t\t\t\t\tqueryString += key;","\t\t\t\t}","\t\t\t\telse if (dataSet[key] === null) {","\t\t\t\t\tqueryString += escapeFieldName(key) + (clause == 'WHERE' ? \" is NULL\" : \"=NULL\");","\t\t\t\t}","\t\t\t\telse if (typeof dataSet[key] !== 'object') {","\t\t\t\t\tqueryString += escapeFieldName(key) + \"=\" + connection.escape(dataSet[key]);","\t\t\t\t}","\t\t\t\telse if (typeof dataSet[key] === 'object' && Object.prototype.toString.call(dataSet[key]) === '[object Array]' && dataSet[key].length > 0) {","\t\t\t\t\tqueryString += escapeFieldName(key) + ' in (\"' + dataSet[key].join('\", \"') + '\")';","\t\t\t\t}","\t\t\t\telse {","\t\t\t\t\tuseSeparator = false;","\t\t\t\t\tdatasetSize = datasetSize - 1;","\t\t\t\t}","\t\t\t\t","\t\t\t\tif (y < datasetSize && useSeparator) {","\t\t\t\t\tqueryString += separator;","\t\t\t\t\ty++;","\t\t\t\t}","\t\t\t}","\t\t}","\t\tif (getObjectSize(dataSet) > 0) {","\t\t\tqueryString = ' ' + clause + ' ' + queryString;","\t\t}","\t\treturn queryString;","\t};","","\tvar buildJoinString = function() {","\t\tvar joinString = '';","","\t\tfor (var i = 0; i < joinClause.length; i++) {","\t\t\tjoinString += (joinClause[i].direction !== '' ? ' ' + joinClause[i].direction : '') + ' JOIN ' + escapeFieldName(joinClause[i].table) + ' ON ' + joinClause[i].relation;","\t\t}","","\t\treturn joinString;","\t};","","\tvar mergeObjects = function() {","\t\tfor (var i = 1; i < arguments.length; i++) {","\t\t\tfor (var key in arguments[i]) {","\t\t\t\tif (arguments[i].hasOwnProperty(key)) {","\t\t\t\t\targuments[0][key] = arguments[i][key];","\t\t\t\t}","\t\t\t}","\t\t}","\t\treturn arguments[0];","\t};","","\tvar getObjectSize = function(object) {","\t\tvar size = 0;","\t\tfor (var key in object) {","\t\t\tif (object.hasOwnProperty(key)) {","\t\t\t\tsize++;","\t\t\t}","\t\t}","\t\treturn size;","\t};","","\tvar trim = function (s) {","\t\tvar l = 0, r = s.length - 1;","\t\twhile (l < s.length && s[l] == ' ') {","\t\t\tl++;","\t\t}","\t\twhile (r > l && s[r] == ' ') {","\t\t\tr-=1;","\t\t}","\t\treturn s.substring(l, r + 1);","\t};","","\tthis.connectionSettings = function() { return connectionSettings; };","\tthis.connection = function() { return connection; };","","\tthis.where = function(whereSet, whereValue, isRaw) {","\t\tif (typeof whereSet === 'object' && typeof whereValue === 'undefined') {","\t\t\twhereClause = mergeObjects(whereClause, whereSet);","\t\t}","\t\telse if ((typeof whereSet === 'string' || typeof whereSet === 'number') && typeof whereValue != 'undefined') {","\t\t\tif (isRaw) {","\t\t\t\trawWhereClause[whereSet] = true;","\t\t\t}","\t\t\twhereClause[whereSet] = whereValue;","\t\t}","\t\telse if ((typeof whereSet === 'string' || typeof whereSet === 'number') && typeof whereValue === 'object' && Object.prototype.toString.call(whereValue) === '[object Array]' && whereValue.length > 0) {","\t\t\twhereClause[whereSet] = whereValue;","\t\t}","\t\telse if (typeof whereSet === 'string' && typeof whereValue === 'undefined') {","\t\t\trawWhereString[whereSet] = true;","\t\t\twhereClause[whereSet] = whereValue;","\t\t}","\t\treturn that;","\t};","","\tthis.count = function(tableName, responseCallback) {","\t\tif (typeof tableName === 'string') {","\t\t\tvar combinedQueryString = 'SELECT COUNT(*) as count FROM ' + escapeFieldName(tableName)","\t\t\t+ buildJoinString()","\t\t\t+ buildDataString(whereClause, ' AND ', 'WHERE');","","\t\t\tconnection.query(combinedQueryString, function(err, res) { ","\t\t\t\tif (err)","\t\t\t\t\tresponseCallback(err, null);","\t\t\t\telse","\t\t\t\t\tresponseCallback(null, res[0]['count']);","\t\t\t});","\t\t\tresetQuery(combinedQueryString);","\t\t}","","\t\treturn that;","\t};","","\tthis.join = function(tableName, relation, direction) {","\t\tjoinClause.push({","\t\t\ttable: tableName,","\t\t\trelation: relation,","\t\t\tdirection: (typeof direction === 'string' ? trim(direction.toUpperCase()) : '')","\t\t});","\t\treturn that;","\t};","","\tthis.select = function(selectSet) {","\t\tif (Object.prototype.toString.call(selectSet) === '[object Array]') {","\t\t\tfor (var i = 0; i < selectSet.length; i++) {","\t\t\t\tselectClause.push(selectSet[i]);","\t\t\t}","\t\t}","\t\telse {","\t\t\tif (typeof selectSet === 'string') {","\t\t\t\tvar selectSetItems = selectSet.split(',');","\t\t\t\tfor (var i = 0; i < selectSetItems.length; i++) {","\t\t\t\t\tselectClause.push(trim(selectSetItems[i]));","\t\t\t\t}","\t\t\t}","\t\t}","\t\treturn that;","\t};","","\tthis.comma_separated_arguments = function(set) {","\t\tvar clause = '';","\t\tif (Object.prototype.toString.call(set) === '[object Array]') {","\t\t\tclause = set.join(', ');","\t\t}","\t\telse if (typeof set === 'string') {","\t\t\tclause = set;","\t\t}","\t\treturn clause;","\t};","","\tthis.group_by = function(set) {","\t\tgroupByClause = this.comma_separated_arguments(set);","\t\treturn that;","\t};","","\tthis.having = function(set) {","\t\thavingClause = this.comma_separated_arguments(set);","\t\treturn that;","\t};","","\tthis.order_by = function(set) {","\t\torderByClause = this.comma_separated_arguments(set);","\t\treturn that;","\t};","\t","\tthis.limit = function(newLimit, newOffset) {","\t\tif (typeof newLimit === 'number') {","\t\t\tlimitClause = newLimit;","\t\t}","\t\tif (typeof newOffset === 'number') {","\t\t\toffsetClause = newOffset;","\t\t}","\t\treturn that;","\t};","","\tthis.ping = function() {","\t\tconnection.ping();","\t\treturn that;","\t};","\t","\tthis.insert = function(tableName, dataSet, responseCallback, verb, querySuffix) {","\t\tif (typeof verb === 'undefined') {","\t\t\tvar verb = 'INSERT';","\t\t}","\t\tif (Object.prototype.toString.call(dataSet) !== '[object Array]') {","\t\t\tif (typeof querySuffix === 'undefined') {","\t\t\t\tvar querySuffix = '';","\t\t\t}","\t\t\telse if (typeof querySuffix !== 'string') {","\t\t\t\tvar querySuffix = '';","\t\t\t}","","\t\t\tif (typeof tableName === 'string') {","\t\t\t\tvar combinedQueryString = verb + ' into ' + escapeFieldName(tableName)","\t\t\t\t+ buildDataString(dataSet, ', ', 'SET');","","\t\t\t\tif (querySuffix != '') {","\t\t\t\t\tcombinedQueryString = combinedQueryString + ' ' + querySuffix;","\t\t\t\t}","","\t\t\t\tconnection.query(combinedQueryString, responseCallback);","\t\t\t\tresetQuery(combinedQueryString);","\t\t\t}","\t\t}","\t\telse {","\t\t\tdoBatchInsert(verb, tableName, dataSet, responseCallback);","\t\t}","\t\treturn that;","\t};","","\tthis.insert_ignore = function(tableName, dataSet, responseCallback, querySuffix) {","\t\treturn this.insert(tableName, dataSet, responseCallback, 'INSERT IGNORE', querySuffix);","\t};","","\tvar doBatchInsert = function(verb, tableName, dataSet, responseCallback) {","\t\tif (Object.prototype.toString.call(dataSet) !== '[object Array]') {","\t\t\tthrow new Error('Array of objects must be provided for batch insert!');","\t\t}","","\t\tif (dataSet.length === 0) return false;","","\t\tvar map = [];","\t\tvar columns = [];","\t\tvar escColumns = [];","","\t\tfor (var aSet in dataSet) {","\t\t\tfor (var key in dataSet[aSet]) {","\t\t\t\tif (columns.indexOf(key) == -1) {","\t\t\t\t\tcolumns.push(key);","\t\t\t\t\tescColumns.push(escapeFieldName(key));","\t\t\t\t}","\t\t\t}","\t\t}","","\t\tfor (var i = 0; i < dataSet.length; i++) {","\t\t\t(function(i) {","\t\t\t\tvar row = [];","","\t\t\t\tfor (var key in columns) {","\t\t\t\t\tif (dataSet[i].hasOwnProperty(columns[key])) {","\t\t\t\t\t\trow.push(that.escape(dataSet[i][columns[key]]));","\t\t\t\t\t} else {","\t\t\t\t\t\trow.push('NULL');","\t\t\t\t\t}","\t\t\t\t}","","\t\t\t\tif (row.length != columns.length) {","\t\t\t\t\tthrow new Error('Cannot use batch insert into ' + tableName + ' - fields must match on all rows (' + row.join(',') + ' vs ' + columns.join(',') + ').');","\t\t\t\t}","\t\t\t\tmap.push('(' + row.join(',') + ')');","\t\t\t})(i);","\t\t}","","\t\tthat.query(verb + ' INTO ' + escapeFieldName(tableName) + ' (' + escColumns.join(', ') + ') VALUES' + map.join(','), responseCallback);","\t\treturn that;","\t};","","\tthis.get = function(tableName, responseCallback) {","\t\tif (typeof tableName === 'string') {","\t\t\tvar combinedQueryString = 'SELECT ' + (selectClause.length === 0 ? '*' : selectClause.join(','))","\t\t\t+ ' FROM ' + escapeFieldName(tableName)","\t\t\t+ buildJoinString()","\t\t\t+ buildDataString(whereClause, ' AND ', 'WHERE')","\t\t\t+ (groupByClause !== '' ? ' GROUP BY ' + groupByClause : '')","\t\t\t+ (havingClause !== '' ? ' HAVING ' + havingClause : '')","\t\t\t+ (orderByClause !== '' ? ' ORDER BY ' + orderByClause : '')","\t\t\t+ (limitClause !== -1 ? ' LIMIT ' + limitClause : '')","\t\t\t+ (offsetClause !== -1 ? ' OFFSET ' + offsetClause : '');","","\t\t\tconnection.query(combinedQueryString, responseCallback);","\t\t\tresetQuery(combinedQueryString);","\t\t}","\t\t","\t\treturn that;","\t};","\t","\tthis.update = function(tableName, newData, responseCallback) {","\t\tif (typeof tableName === 'string') {","\t\t\tvar combinedQueryString = 'UPDATE ' + escapeFieldName(tableName)","\t\t\t+ buildDataString(newData, ', ', 'SET')","\t\t\t+ buildDataString(whereClause, ' AND ', 'WHERE')","\t\t\t+ (limitClause !== -1 ? ' LIMIT ' + limitClause : '');","","\t\t\tconnection.query(combinedQueryString, responseCallback);","\t\t\tresetQuery(combinedQueryString);","\t\t}","\t\t","\t\treturn that;","\t};","","\tthis.escape = function(str) {","\t\treturn connection.escape(str);","\t};","","\tthis.delete = function(tableName, responseCallback) {","\t\tif (typeof tableName === 'string') {","\t\t\tvar combinedQueryString = 'DELETE FROM ' + escapeFieldName(tableName)","\t\t\t+ buildDataString(whereClause, ' AND ', 'WHERE')","\t\t\t+ (limitClause !== -1 ? ' LIMIT ' + limitClause : '');","","\t\t\tconnection.query(combinedQueryString, responseCallback);","\t\t\tresetQuery(combinedQueryString);","\t\t}","","\t\treturn that;","\t};","","\tthis._last_query = function() {","\t\treturn lastQuery;","\t};","","\tthis.query = function(sqlQueryString, responseCallback) {","\t\tconnection.query(sqlQueryString, responseCallback);","\t\tresetQuery(sqlQueryString);","\t\treturn that;","\t};","","\tthis.disconnect = function() {","\t\treturn connection.end();","\t};","","\tthis.forceDisconnect = function() {","\t\treturn connection.destroy();","\t};","\t","\tthis.releaseConnection = function() {","\t\tpool.releaseConnection(connection);","\t};","","\tthis.releaseConnection = function() {","\t\tpool.releaseConnection(connection);","\t};","","\tvar reconnectingTimeout = false;","","\tfunction handleDisconnect(connectionInstance) {","\t\tconnectionInstance.on('error', function(err) {","\t\t\tif (!err.fatal || reconnectingTimeout) {","\t\t\t\treturn;","\t\t\t}","","\t\t\tif (err.code !== 'PROTOCOL_CONNECTION_LOST' && err.code !== 'ECONNREFUSED') {","\t\t\t\tthrow err;","\t\t\t}","","\t\t\tif (settings.reconnectTimeout === false) return;","","\t\t\tvar reconnectingTimeout = setTimeout(function() {","\t\t\t\tconnection = mysql.createConnection(connectionInstance.config);","\t\t\t\thandleDisconnect(connection);","\t\t\t\tconnection.connect();","\t\t\t}, settings.reconnectTimeout || 2000);","\t\t});","\t}","","\tif (!pool) {","\t\thandleDisconnect(connection);","\t}","","\tvar that = this;","\t","\treturn this;","};","","var mysqlPool; // this should be initialized only once.","var mysqlCharset;","","var Pool = function (settings) {","\tif (!mysqlPool) {","\t\tvar mysql = require('mysql');","","\t\tvar poolOption = {","\t\t\tcreateConnection: settings.createConnection,","\t\t\twaitForConnections: settings.waitForConnections,","\t\t\tconnectionLimit: settings.connectionLimit,","\t\t\tqueueLimit: settings.queueLimit","\t\t};","\t\tObject.keys(poolOption).forEach(function (element) {","\t\t\t// Avoid pool option being used by mysql connection.","\t\t\tdelete settings[element];","\t\t\t// Also remove undefined elements from poolOption","\t\t\tif (!poolOption[element]) {","\t\t\t\tdelete poolOption[element];","\t\t\t}","\t\t});","","\t\t// Confirm settings with Adapter.","\t\tvar db = new Adapter(settings);","\t\tvar connectionSettings = db.connectionSettings();","","\t\tObject.keys(connectionSettings).forEach(function (element) {","\t\t\tpoolOption[element] = connectionSettings[element];","\t\t});","","\t\tmysqlPool = mysql.createPool(poolOption);","\t\tmysqlCharset = settings.charset;","\t}","","\tthis.pool = function () {","\t\treturn mysqlPool;","\t};","","\tthis.getNewAdapter = function (responseCallback) {","\t\tmysqlPool.getConnection(function (err, connection) {","\t\t\tif (err) {","\t\t\t\tthrow err;","\t\t\t}","\t\t\tvar adapter = new Adapter({","\t\t\t\tpool: {","\t\t\t\t\tpool: mysqlPool,","\t\t\t\t\tenabled: true,","\t\t\t\t\tconnection: connection","\t\t\t\t},","\t\t\t\tcharset: mysqlCharset","\t\t\t});","\t\t\tresponseCallback(adapter);","\t\t});","\t};","","\tthis.disconnect = function (responseCallback) {","\t\tthis.pool().end(responseCallback);","\t};","","\treturn this;","};","","exports.Adapter = Adapter;","exports.Pool = Pool;",""],"l":{"31":1,"33":0,"35":0,"36":0,"37":0,"39":0,"40":0,"43":0,"44":0,"46":0,"47":0,"49":0,"50":0,"52":0,"53":0,"55":0,"56":0,"59":0,"62":0,"63":0,"64":0,"66":0,"67":0,"68":0,"70":0,"71":0,"74":0,"75":0,"78":0,"88":0,"89":0,"90":0,"91":0,"92":0,"93":0,"95":0,"96":0,"97":0,"98":0,"99":0,"102":0,"103":0,"105":0,"106":0,"109":0,"110":0,"111":0,"113":0,"114":0,"115":0,"117":0,"119":0,"121":0,"122":0,"124":0,"125":0,"126":0,"128":0,"129":0,"131":0,"132":0,"134":0,"135":0,"138":0,"139":0,"142":0,"143":0,"144":0,"148":0,"149":0,"151":0,"154":0,"155":0,"157":0,"158":0,"161":0,"164":0,"165":0,"166":0,"167":0,"168":0,"172":0,"175":0,"176":0,"177":0,"178":0,"179":0,"182":0,"185":0,"186":0,"187":0,"188":0,"190":0,"191":0,"193":0,"196":0,"197":0,"199":0,"200":0,"201":0,"203":0,"204":0,"205":0,"207":0,"209":0,"210":0,"212":0,"213":0,"214":0,"216":0,"219":0,"220":0,"221":0,"225":0,"226":0,"227":0,"229":0,"231":0,"234":0,"237":0,"238":0,"243":0,"246":0,"247":0,"248":0,"249":0,"253":0,"254":0,"255":0,"256":0,"260":0,"263":0,"264":0,"265":0,"266":0,"268":0,"269":0,"271":0,"274":0,"275":0,"276":0,"279":0,"280":0,"281":0,"284":0,"285":0,"286":0,"289":0,"290":0,"291":0,"293":0,"294":0,"296":0,"299":0,"300":0,"301":0,"304":0,"305":0,"306":0,"308":0,"309":0,"310":0,"312":0,"313":0,"316":0,"317":0,"320":0,"321":0,"324":0,"325":0,"329":0,"331":0,"334":0,"335":0,"338":0,"339":0,"340":0,"343":0,"345":0,"346":0,"347":0,"349":0,"350":0,"351":0,"352":0,"353":0,"358":0,"359":0,"360":0,"362":0,"363":0,"364":0,"366":0,"370":0,"371":0,"373":0,"377":0,"378":0,"381":0,"382":0,"383":0,"393":0,"394":0,"397":0,"400":0,"401":0,"402":0,"407":0,"408":0,"411":0,"414":0,"415":0,"418":0,"419":0,"420":0,"424":0,"425":0,"428":0,"431":0,"432":0,"435":0,"436":0,"437":0,"438":0,"441":0,"442":0,"445":0,"446":0,"449":0,"450":0,"453":0,"454":0,"457":0,"459":1,"460":0,"461":0,"462":0,"465":0,"466":0,"469":0,"471":0,"472":0,"473":0,"474":0,"479":0,"480":0,"483":0,"485":0,"488":1,"489":1,"491":1,"492":0,"493":0,"495":0,"501":0,"503":0,"505":0,"506":0,"511":0,"512":0,"514":0,"515":0,"518":0,"519":0,"522":0,"523":0,"526":0,"527":0,"528":0,"529":0,"531":0,"539":0,"543":0,"544":0,"547":0,"550":1,"551":1}}}